repeat 1 : ['整租·宝龙城市广场(青浦) 3室2厅 南', '青浦-赵巷-宝龙城市广场(青浦)', 66.73, 3, 4800, 4800]
repeat 1 : ['整租·金城大厦 1室1厅 北', '静安-西藏北路-金城大厦', 35.0, 1, 4100, 4100]
repeat 1 : ['整租·金鼎香樟苑(西区) 2室2厅 南/北', '嘉定-丰庄-金鼎香樟苑(西区)', 88.0, 2, 6000, 6000]
repeat 1 : ['整租·祥腾生活广场 1室1厅 西', '宝山-淞南-祥腾生活广场', 42.06, 1, 4200, 4200]
repeat 1 : ['整租·上海康城 2室2厅 南', '闵行-莘闵别墅-上海康城', 95.47, 2, 5700, 5700]
repeat 1 : ['整租·月浦九村 3室1厅 南', '宝山-月浦-月浦九村', 69.65, 3, 4000, 4000]
repeat 1 : ['整租·浦江世博家园九街坊 2室2厅 南', '闵行-浦江-浦江世博家园九街坊', 75.73, 2, 5800, 5800]
repeat 1 : ['整租·三泾南宅 1室0厅 南', '长宁-中山公园-三泾南宅', 33.53, 1, 5700, 5700]
repeat 1 : ['整租·番禺路222弄11支弄 2室1厅 南', '长宁-新华路-番禺路222弄11支弄', 58.2, 2, 9200, 9200]
repeat 146 : ['整租·海印又一城 1室1厅 东/西', '浦东-康桥-海印又一城', 63.0, 1, 3900, 3900]
repeat 1 : ['整租·合景理想家 1室1厅 南', '嘉定-嘉定新城-合景理想家', 43.0, 1, 3000, 3000]
repeat 1 : ['整租·高荣小区 1室1厅 南/西南', '静安-曹家渡-高荣小区', 47.18, 1, 6500, 6500]
repeat 1 : ['整租·万荣小区 1室1厅 南', '静安-阳城-万荣小区', 42.48, 1, 4600, 4600]
repeat 1 : ['整租·宗鑫公寓 2室2厅 南', '普陀-长寿路-宗鑫公寓', 99.73, 2, 12500, 12500]
repeat 1 : ['整租·保利熙悦名邸 3室2厅 南/北', '宝山-上大-保利熙悦名邸', 98.15, 3, 6700, 6700]
repeat 1 : ['整租·真光九街坊 1室1厅 南', '普陀-真光-真光九街坊', 41.32, 1, 5000, 5000]
repeat 1 : ['整租·中环一号(一期) 3室2厅 南/北', '宝山-大华-中环一号(一期)', 117.3, 3, 8800, 8800]
repeat 1 : ['整租·众众德尚世嘉 2室2厅 南', '闵行-颛桥-众众德尚世嘉', 93.09, 2, 6200, 6200]
repeat 1 : ['整租·新华联奥莱悦府 2室1厅 南', '青浦-赵巷-新华联奥莱悦府', 83.35, 2, 6600, 6600]
repeat 1 : ['整租·航建大楼 2室1厅 南/北', '徐汇-斜土路-航建大楼', 52.12, 2, 7600, 7600]
repeat 1 : ['整租·华美达公寓 1室0厅 北', '杨浦-黄兴公园-华美达公寓', 36.54, 1, 3800, 3800]
repeat 1 : ['整租·郁庭峰 3室2厅 南/北', '长宁-北新泾-郁庭峰', 127.93, 3, 10500, 10500]
repeat 1 : ['整租·长海二村 2室1厅 南', '杨浦-中原-长海二村', 56.68, 2, 4500, 4500]
repeat 1 : ['整租·九英里 1室1厅 南', '宝山-共康-九英里', 53.01, 1, 5000, 5000]
repeat 1 : ['整租·东方城市花园(二期) 1室2厅 南', '浦东-南码头-东方城市花园(二期)', 77.92, 1, 9300, 9300]
repeat 1 : ['整租·茉莉雅苑 2室1厅 南', '松江-泗泾-茉莉雅苑', 72.0, 2, 3500, 3500]
repeat 1 : ['整租·云台二小区 2室2厅 南', '浦东-世博-云台二小区', 90.92, 2, 8300, 8300]
repeat 1 : ['整租·玉兰三村 3室2厅 南/北', '嘉定-安亭-玉兰三村', 75.24, 3, 4500, 4500]
repeat 1 : ['整租·长风一村小区 2室0厅 南', '普陀-长风-长风一村小区', 47.56, 2, 5520, 5520]
repeat 1 : ['整租·世盟壹天地 1室1厅 西', '嘉定-南翔-世盟壹天地', 35.85, 1, 3200, 3200]
repeat 1 : ['整租·万科翡翠公园（商用） 1室1厅 东', '浦东-张江-万科翡翠公园（商用）', 45.37, 1, 7200, 7200]
repeat 1 : ['整租·泗塘二村 1室0厅 南', '宝山-张庙-泗塘二村', 29.56, 1, 3200, 3200]
repeat 154 : ['整租·莲溪三村 2室1厅 南', '浦东-北蔡-莲溪三村', 59.71, 2, 6000, 6000]
repeat 154 : ['整租·华发招商依云四季 3室2厅 南/北', '金山-金山-华发招商依云四季', 91.12, 3, 2500, 2500]
repeat 154 : ['整租·三门路510弄 2室0厅 南', '杨浦-五角场-三门路510弄', 51.76, 2, 4600, 4600]
repeat 154 : ['整租·图们新苑 2室1厅 南', '杨浦-控江路-图们新苑', 65.0, 2, 7000, 7000]
repeat 154 : ['整租·秀苑小区 2室2厅 南', '虹口-凉城-秀苑小区', 99.39, 2, 7800, 7800]
repeat 154 : ['整租·中铁北城时代 2室2厅 南', '宝山-杨行-中铁北城时代', 80.0, 2, 4800, 4800]
repeat 154 : ['整租·宝沁苑 2室0厅 南', '宝山-顾村-宝沁苑', 66.27, 2, 3600, 3600]
repeat 154 : ['整租·虹桥博雅苑 3室1厅 南', '闵行-华漕-虹桥博雅苑', 89.0, 3, 5000, 5000]
repeat 1 : ['整租·恒盛豪庭 2室2厅 南', '宝山-高境-恒盛豪庭', 91.23, 2, 8500, 8500]
repeat 1 : ['整租·祥和花园 2室1厅 南', '奉贤-西渡-祥和花园', 70.09, 2, 2600, 2600]
repeat 1 : ['整租·东荷小区 2室1厅 南', '浦东-金桥-东荷小区', 74.0, 2, 5200, 5200]
repeat 1 : ['整租·华滨家园 2室2厅 南', '徐汇-植物园-华滨家园', 87.81, 2, 7500, 7500]
repeat 1 : ['整租·绿茵苑(浦东) 1室1厅 南', '浦东-杨思前滩-绿茵苑(浦东)', 62.0, 1, 5000, 5000]
repeat 1 : ['整租·兰花清苑 2室1厅 南/北', '松江-泗泾-兰花清苑', 77.0, 2, 4000, 4000]
repeat 1 : ['整租·馨兰小区 1室1厅 南', '长宁-北新泾-馨兰小区', 51.37, 1, 4500, 4500]
repeat 1 : ['整租·长城珑湾 1室1厅 南', '浦东-惠南-长城珑湾', 59.61, 1, 1800, 1800]
repeat 1 : ['整租·芝巷小区 1室1厅 南', '普陀-长风-芝巷小区', 33.22, 1, 4000, 4000]
repeat 1 : ['整租·九庐 2室2厅 南', '浦东-梅园-九庐', 151.61, 2, 43000, 43000]
repeat 1 : ['整租·东体育会路115弄 1室1厅 南', '虹口-鲁迅公园-东体育会路115弄', 34.1, 1, 4000, 4000]
repeat 1 : ['整租·绿地国际山庄 4室2厅 复式 南', '青浦-赵巷-绿地国际山庄', 256.11, 4, 19000, 19000]
repeat 1 : ['整租·延吉东路125弄 2室1厅 南/北', '杨浦-控江路-延吉东路125弄', 50.73, 2, 5500, 5500]
repeat 1 : ['整租·崧泽华城逸泰雅苑（二期） 2室1厅 南', '青浦-赵巷-崧泽华城逸泰雅苑（二期）', 69.0, 2, 3500, 3500]
repeat 1 : ['整租·三皇桥小区 2室1厅 南', '嘉定-嘉定老城-三皇桥小区', 53.12, 2, 2600, 2600]
repeat 1 : ['整租·育秀九区 2室2厅 南', '奉贤-南桥-育秀九区', 88.09, 2, 2300, 2300]
repeat 1 : ['整租·襄阳南路98号 1室1厅 东南', '徐汇-衡山路-襄阳南路98号', 35.92, 1, 6500, 6500]
repeat 1 : ['整租·中冶锦园 2室2厅 南', '宝山-月浦-中冶锦园', 73.67, 2, 3700, 3700]
repeat 1 : ['整租·上南花城 2室1厅 南/北', '浦东-世博-上南花城', 85.56, 2, 9800, 9800]
repeat 1 : ['整租·建国西路158弄 1室1厅 南', '黄浦-淮海中路-建国西路158弄', 60.32, 1, 10000, 10000]
repeat 1 : ['整租·上海民德花苑二期 2室1厅 南/北', '静安-西藏北路-上海民德花苑二期', 111.43, 2, 27000, 27000]
repeat 1 : ['整租·绿地世纪城(三期) 1室1厅 南', '普陀-武宁-绿地世纪城(三期)', 42.44, 1, 6500, 6500]
repeat 1 : ['整租·金地艺境(宝山) 3室2厅 南', '宝山-上大-金地艺境(宝山)', 128.89, 3, 7500, 7500]
repeat 1 : ['整租·虹园八村 1室1厅 南', '长宁-北新泾-虹园八村', 41.32, 1, 5200, 5200]
repeat 1 : ['整租·锦绣华都 3室1厅 南', '浦东-御桥-锦绣华都', 90.12, 3, 7000, 7000]
repeat 1 : ['整租·浦发东悦城 2室1厅 东南', '浦东-周浦-浦发东悦城', 71.76, 2, 5200, 5200]
repeat 1 : ['整租·龙盛佳苑 1室1厅 南', '静安-阳城-龙盛佳苑', 47.0, 1, 5500, 5500]
repeat 1 : ['整租·海阳新村 1室1厅 南', '浦东-杨思前滩-海阳新村', 53.27, 1, 6200, 6200]
repeat 1 : ['整租·吴中路830弄 1室1厅 南', '闵行-金虹桥-吴中路830弄', 39.21, 1, 4700, 4700]
repeat 1 : ['整租·古北菊翔苑(菊联路233弄) 2室1厅 南', '宝山-顾村-古北菊翔苑(菊联路233弄)', 73.14, 2, 4500, 4500]
repeat 1 : ['整租·新泾七村 1室1厅 南', '长宁-北新泾-新泾七村', 33.43, 1, 4100, 4100]
repeat 1 : ['整租·丰庄十二街坊 2室1厅 南', '嘉定-丰庄-丰庄十二街坊', 52.22, 2, 4800, 4800]
repeat 1 : ['整租·灵新小区 1室1厅 南', '虹口-凉城-灵新小区', 32.77, 1, 3800, 3800]
repeat 1 : ['整租·同济新村 2室1厅 南', '杨浦-鞍山-同济新村', 58.66, 2, 6950, 6950]
repeat 1 : ['整租·上海康城 2室1厅 南', '闵行-莘闵别墅-上海康城', 101.4, 2, 7200, 7200]
repeat 1 : ['整租·好日子大家园A区 2室1厅 南/北', '宝山-顾村-好日子大家园A区', 76.18, 2, 4000, 4000]
repeat 1 : ['整租·东方晶华园 1室2厅 南', '浦东-周浦-东方晶华园', 64.73, 1, 4300, 4300]
repeat 1 : ['整租·张桥小区 2室1厅 南', '浦东-金桥-张桥小区', 68.76, 2, 6500, 6500]
repeat 1 : ['整租·斜土路2200弄 1室0厅 南', '徐汇-徐家汇-斜土路2200弄', 33.17, 1, 4600, 4600]
repeat 1 : ['整租·东晖花苑 3室2厅 南', '黄浦-打浦桥-东晖花苑', 114.43, 3, 14500, 14500]
repeat 1 : ['整租·新弘墅园 3室2厅 南/北', '松江-莘闵别墅-新弘墅园', 192.39, 3, 20000, 20000]
repeat 1 : ['整租·华山花苑 2室1厅 南', '长宁-镇宁路-华山花苑', 80.5, 2, 11000, 11000]
repeat 1 : ['整租·梅园一街坊 1室1厅 南', '浦东-梅园-梅园一街坊', 33.06, 1, 5300, 5300]
repeat 1 : ['整租·锦绿新城 4室2厅 南', '普陀-武宁-锦绿新城', 142.64, 4, 13800, 13800]
repeat 1 : ['整租·上海蟠龙天地 3室2厅 南', '青浦-徐泾-上海蟠龙天地', 99.0, 3, 9988, 9988]
repeat 1 : ['整租·万科时一区（一期） 2室2厅 南', '闵行-华漕-万科时一区（一期）', 74.97, 2, 9300, 9300]
repeat 127 : ['整租·云阳村 2室0厅 南', '长宁-新华路-云阳村', 50.69, 2, 12000, 12000]
repeat 166 : ['整租·金帝城市岸泊(公寓) 2室2厅 南', '嘉定-江桥-金帝城市岸泊(公寓)', 90.64, 2, 4900, 4900]
repeat 1 : ['整租·通阁小区 1室1厅 南', '静安-西藏北路-通阁小区', 35.56, 1, 4800, 4800]
repeat 1 : ['整租·绿地新里派克公馆 3室2厅 南', '青浦-赵巷-绿地新里派克公馆', 91.81, 3, 5000, 5000]
repeat 1 : ['整租·国和一村 1室1厅 南', '杨浦-中原-国和一村', 40.32, 1, 5500, 5500]
repeat 1 : ['整租·友联大楼 1室1厅 西', '长宁-中山公园-友联大楼', 60.76, 1, 7800, 7800]
repeat 1 : ['整租·望族城 2室2厅 西南', '徐汇-万体馆-望族城', 100.79, 2, 10000, 10000]
repeat 1 : ['整租·上海豪都国际花园(公寓) 2室1厅 南', '青浦-徐泾-上海豪都国际花园(公寓)', 86.61, 2, 4500, 4500]
repeat 1 : ['整租·上南六村 1室0厅 南', '浦东-世博-上南六村', 31.0, 1, 4900, 4900]
repeat 1 : ['整租·阳城花园 2室1厅 南/北', '静安-阳城-阳城花园', 91.3, 2, 8000, 8000]
repeat 1 : ['整租·青春驿站 1室1厅 南', '松江-九亭-青春驿站', 40.81, 1, 3900, 3900]
repeat 157 : ['整租·瑞和雅苑贰街区 2室2厅 南/北', '闵行-闵浦-瑞和雅苑贰街区', 86.0, 2, 5000, 5000]
repeat 157 : ['整租·控江五村 1室0厅 南', '杨浦-黄兴公园-控江五村', 34.14, 1, 3800, 3800]
repeat 157 : ['整租·宁泉新苑 3室2厅 南', '普陀-真如-宁泉新苑', 115.43, 3, 9500, 9500]
repeat 157 : ['整租·香山新村东南街坊 2室1厅 南', '浦东-金杨-香山新村东南街坊', 51.66, 2, 6000, 6000]
repeat 157 : ['整租·黄山新村 2室1厅 南', '浦东-金杨-黄山新村', 65.5, 2, 5800, 5800]
repeat 157 : ['整租·沈家宅 2室1厅 南', '浦东-南码头-沈家宅', 65.2, 2, 6500, 6500]
repeat 157 : ['整租·翔殷四村 1室1厅 南', '杨浦-中原-翔殷四村', 49.16, 1, 3500, 3500]
repeat 157 : ['整租·陈家门小区 2室1厅 南/北', '浦东-梅园-陈家门小区', 53.0, 2, 7800, 7800]
repeat 157 : ['整租·奥林匹克花园 2室2厅 南/北', '松江-九亭-奥林匹克花园', 91.0, 2, 6700, 6700]
repeat 157 : ['整租·锦秋花园 4室2厅 南/北', '宝山-上大-锦秋花园', 187.86, 4, 16000, 16000]
repeat 157 : ['整租·四季绿城 2室2厅 南', '宝山-高境-四季绿城', 90.24, 2, 6200, 6200]
repeat 1 : ['整租·馨盛佳苑 2室1厅 南', '闵行-华漕-馨盛佳苑', 89.0, 2, 3500, 3500]
repeat 1 : ['整租·凌川佳苑 2室2厅 南', '浦东-川沙-凌川佳苑', 79.0, 2, 4600, 4600]
repeat 1 : ['整租·元善里 1室0厅 南', '静安-静安寺-元善里', 22.0, 1, 4800, 4800]
repeat 1 : ['整租·镇宁路465弄 1室1厅 南', '长宁-镇宁路-镇宁路465弄', 38.96, 1, 5700, 5700]
repeat 1 : ['整租·汉中小区 1室1厅 西', '静安-不夜城-汉中小区', 32.1, 1, 5500, 5500]
repeat 1 : ['整租·锦绣花园 3室1厅 东南', '长宁-新华路-锦绣花园', 114.84, 3, 12500, 12500]
repeat 1 : ['整租·梅兰坊 2室0厅 南', '黄浦-新天地-梅兰坊', 26.6, 2, 5500, 5500]
repeat 1 : ['整租·静安凤凰苑 2室2厅 南', '静安-江宁路-静安凤凰苑', 113.5, 2, 18600, 18600]
repeat 1 : ['整租·远洋香奈 2室1厅 南', '宝山-杨行-远洋香奈', 67.0, 2, 5700, 5700]
repeat 1 : ['整租·万科城 3室2厅 南', '闵行-老闵行-万科城', 91.0, 3, 5300, 5300]
repeat 1 : ['整租·崮山小区二街坊 2室1厅 南', '浦东-洋泾-崮山小区二街坊', 61.33, 2, 5990, 5990]
repeat 1 : ['整租·汤臣湖庭 4室2厅 南', '浦东-张江-汤臣湖庭', 394.28, 4, 50000, 50000]
repeat 1 : ['整租·东安五村 2室1厅 南', '徐汇-龙华-东安五村', 51.17, 2, 7200, 7200]
repeat 1 : ['整租·远洋香奈 2室1厅 南', '宝山-杨行-远洋香奈', 68.1, 2, 4400, 4400]
repeat 1 : ['整租·中海瀛台 2室2厅 南', '徐汇-华泾-中海瀛台', 106.04, 2, 11000, 11000]
repeat 1 : ['整租·塘和家园海康苑 3室1厅 南', '松江-泗泾-塘和家园海康苑', 86.0, 3, 4000, 4000]
repeat 1 : ['整租·虹桥博雅苑 2室2厅 南', '闵行-华漕-虹桥博雅苑', 80.0, 2, 4500, 4500]
repeat 146 : ['整租·潍坊四村 2室1厅 南', '浦东-潍坊-潍坊四村', 48.62, 2, 6000, 6000]
repeat 146 : ['整租·沪东新村 2室1厅 南', '浦东-金桥-沪东新村', 48.92, 2, 5000, 5000]
repeat 146 : ['整租·衡山路700号 1室1厅 南', '徐汇-徐家汇-衡山路700号', 56.0, 1, 9000, 9000]
repeat 146 : ['整租·延平路450弄 1室0厅 南', '静安-曹家渡-延平路450弄', 19.55, 1, 5000, 5000]
repeat 146 : ['整租·万源城尚郡 3室2厅 南', '闵行-古美-万源城尚郡', 87.79, 3, 12000, 12000]
repeat 146 : ['整租·南良苑 2室1厅 南', '松江-松江老城-南良苑', 57.19, 2, 3200, 3200]
repeat 146 : ['整租·汇众康定小区 1室1厅 南', '静安-曹家渡-汇众康定小区', 42.35, 1, 6000, 6000]
repeat 146 : ['整租·香泉小区 2室2厅 南', '普陀-万里-香泉小区', 85.66, 2, 7000, 7000]
repeat 1 : ['整租·康桥水都(公寓) 2室2厅 南', '宝山-杨行-康桥水都(公寓)', 100.06, 2, 5500, 5500]
repeat 1 : ['整租·瞿西新村 1室0厅 南', '黄浦-打浦桥-瞿西新村', 32.58, 1, 5800, 5800]
repeat 1 : ['整租·梅陇三村 2室1厅 南', '徐汇-华东理工-梅陇三村', 65.91, 2, 5700, 5700]
repeat 1 : ['整租·上影广场 2室1厅 南', '嘉定-嘉定新城-上影广场', 53.59, 2, 3600, 3600]
repeat 1 : ['整租·香泉小区 2室1厅 南/北', '普陀-万里-香泉小区', 68.74, 2, 6200, 6200]
repeat 1 : ['整租·星林苑 4室1厅 南', '静安-彭浦-星林苑', 140.0, 4, 10000, 10000]
repeat 1 : ['整租·科锦苑 3室2厅 南', '浦东-张江-科锦苑', 100.0, 3, 7200, 7200]
repeat 1 : ['整租·满庭芳花园(公寓) 1室1厅 南', '长宁-西郊-满庭芳花园(公寓)', 65.72, 1, 8000, 8000]
repeat 1 : ['整租·徐泾北城欣沁苑东区 3室1厅 南', '青浦-华新-徐泾北城欣沁苑东区', 70.42, 3, 4000, 4000]
repeat 1 : ['整租·新都名园 2室2厅 南/北', '闵行-七宝-新都名园', 82.17, 2, 6500, 6500]
repeat 146 : ['整租·万乐城(商业类) 1室0厅 南', '闵行-吴泾-万乐城(商业类)', 28.0, 1, 2600, 2600]
repeat 1 : ['整租·世茂滨江花园 3室2厅 东/西', '浦东-陆家嘴-世茂滨江花园', 250.5, 3, 35000, 35000]
repeat 1 : ['整租·国年路102弄 2室0厅 南/北', '杨浦-五角场-国年路102弄', 41.74, 2, 6000, 6000]
repeat 1 : ['整租·紫竹苑(奉贤) 2室1厅 南', '奉贤-西渡-紫竹苑(奉贤)', 80.3, 2, 2600, 2600]
repeat 1 : ['整租·都林嘉苑南苑(杨南路1168弄) 2室1厅 南', '浦东-杨思前滩-都林嘉苑南苑(杨南路1168弄)', 89.21, 2, 6500, 6500]
repeat 1 : ['整租·民星一村 1室1厅 南', '杨浦-中原-民星一村', 34.26, 1, 3900, 3900]
repeat 1 : ['整租·经纬观澜弘郡家园(三期) 1室1厅 南', '宝山-上大-经纬观澜弘郡家园(三期)', 60.08, 1, 5200, 5200]
repeat 1 : ['整租·利金国际 1室2厅 北', '嘉定-丰庄-利金国际', 62.0, 1, 4600, 4600]
repeat 1 : ['整租·新华红星国际广场 2室2厅 南', '闵行-龙柏-新华红星国际广场', 85.0, 2, 12000, 12000]
repeat 1 : ['整租·静安府西区 3室2厅 南', '静安-大宁-静安府西区', 113.91, 3, 20000, 20000]
repeat 1 : ['整租·双阳路50弄 2室1厅 南', '杨浦-周家嘴路-双阳路50弄', 69.99, 2, 6500, 6500]
repeat 1 : ['整租·翡翠名都 5室2厅 南', '闵行-金虹桥-翡翠名都', 316.72, 5, 49000, 49000]
repeat 1 : ['整租·金港花园(公寓) 2室2厅 南/北', '松江-泗泾-金港花园(公寓)', 91.43, 2, 4700, 4700]
repeat 145 : ['整租·威海苑 2室2厅 南', '黄浦-人民广场-威海苑', 98.5, 2, 14000, 14000]
repeat 145 : ['整租·尚浦名邸 4室2厅 南', '杨浦-新江湾城-尚浦名邸', 193.97, 4, 27000, 27000]
repeat 145 : ['整租·企业公馆 2室2厅 北', '静安-不夜城-企业公馆', 166.96, 2, 20500, 20500]
repeat 29 : ['整租·泗塘二村 1室0厅 南', '宝山-张庙-泗塘二村', 28.24, 1, 3300, 3300]
repeat 145 : ['整租·夏朵园 1室1厅 南/北', '闵行-老闵行-夏朵园', 64.51, 1, 3500, 3500]
repeat 145 : ['整租·蒙西小区 2室1厅 南', '黄浦-五里桥-蒙西小区', 61.85, 2, 8800, 8800]
repeat 145 : ['整租·上海蟠龙天地 3室2厅 南', '青浦-徐泾-上海蟠龙天地', 96.0, 3, 12000, 12000]
repeat 145 : ['整租·管弄四街坊 1室0厅 南', '普陀-光新-管弄四街坊', 35.27, 1, 4600, 4600]
repeat 165 : ['整租·长宁路720号 1室1厅 南', '长宁-中山公园-长宁路720号', 30.0, 1, 4500, 4500]
repeat 165 : ['整租·江宁大楼 2室1厅 南', '静安-南京西路-江宁大楼', 95.79, 2, 19500, 19500]
repeat 165 : ['整租·同济绿园 2室1厅 南/北', '杨浦-鞍山-同济绿园', 61.33, 2, 8900, 8900]
repeat 165 : ['整租·龙吴路13弄 1室1厅 南', '徐汇-万体馆-龙吴路13弄', 44.41, 1, 5500, 5500]
repeat 165 : ['整租·春天花园 1室1厅 南', '长宁-中山公园-春天花园', 63.47, 1, 9800, 9800]
repeat 165 : ['整租·蓝朝部落 1室1厅 西南', '静安-曹家渡-蓝朝部落', 50.83, 1, 7200, 7200]
repeat 165 : ['整租·阳光春城 2室2厅 南/北', '奉贤-南桥-阳光春城', 89.83, 2, 3300, 3300]
repeat 165 : ['整租·岭南雅苑 2室2厅 南', '宝山-张庙-岭南雅苑', 93.49, 2, 6200, 6200]
repeat 165 : ['整租·崂山二村 1室1厅 南', '浦东-梅园-崂山二村', 30.0, 1, 4900, 4900]
repeat 165 : ['整租·大华锦绣华城(十二街区) 2室2厅 南', '浦东-北蔡-大华锦绣华城(十二街区)', 93.54, 2, 8800, 8800]
repeat 165 : ['整租·金地艺境(松江) 2室2厅 南', '松江-松江老城-金地艺境(松江)', 80.66, 2, 3800, 3800]
repeat 165 : ['整租·上虹新村 2室1厅 南', '闵行-金虹桥-上虹新村', 69.24, 2, 7000, 7000]
repeat 165 : ['整租·MAX未来 1室1厅 南', '嘉定-江桥-MAX未来', 36.0, 1, 3600, 3600]
repeat 165 : ['整租·双喜家园 2室2厅 南/北', '杨浦-东外滩-双喜家园', 87.0, 2, 8200, 8200]
repeat 165 : ['整租·久耕小区 1室1厅 东南', '虹口-北外滩-久耕小区', 48.3, 1, 6000, 6000]
repeat 165 : ['整租·龙吴路9弄 1室1厅 南', '徐汇-万体馆-龙吴路9弄', 33.33, 1, 5500, 5500]
repeat 165 : ['整租·上缝小区 1室1厅 南', '徐汇-龙华-上缝小区', 42.44, 1, 5500, 5500]
repeat 165 : ['整租·新城悠活城 2室1厅 南', '嘉定-菊园新区-新城悠活城', 84.65, 2, 4200, 4200]
repeat 165 : ['整租·曹杨九村 1室0厅 南', '普陀-曹杨-曹杨九村', 28.68, 1, 4500, 4500]
repeat 165 : ['整租·新泾五村 1室1厅 南', '长宁-北新泾-新泾五村', 48.81, 1, 5800, 5800]
repeat 165 : ['整租·梅园四街坊 2室1厅 南', '浦东-梅园-梅园四街坊', 53.56, 2, 8800, 8800]
repeat 165 : ['整租·解放新村 2室1厅 南', '奉贤-南桥-解放新村', 48.6, 2, 2000, 2000]
repeat 165 : ['整租·金汇福邸 3室2厅 南', '闵行-金汇-金汇福邸', 119.76, 3, 12000, 12000]
repeat 165 : ['整租·定西路420弄 1室0厅 南', '长宁-新华路-定西路420弄', 33.69, 1, 6300, 6300]
repeat 165 : ['整租·瑞金南苑 2室2厅 南', '徐汇-斜土路-瑞金南苑', 103.5, 2, 15000, 15000]
repeat 165 : ['整租·密三小区 2室0厅 南', '虹口-曲阳-密三小区', 46.1, 2, 5500, 5500]
repeat 165 : ['整租·协昌小区 2室1厅 南', '徐汇-龙华-协昌小区', 75.93, 2, 8500, 8500]
repeat 165 : ['整租·东城新村 1室1厅 南/北', '浦东-杨东-东城新村', 54.73, 1, 5700, 5700]
repeat 115 : ['整租·大华锦绣华城(十五街区) 2室2厅 南', '浦东-北蔡-大华锦绣华城(十五街区)', 74.69, 2, 9500, 9500]
repeat 144 : ['整租·金杨七街坊 1室1厅 南', '浦东-金杨-金杨七街坊', 48.12, 1, 5200, 5200]
repeat 144 : ['整租·海棠苑 1室1厅 南', '普陀-真如-海棠苑', 66.88, 1, 5900, 5900]
repeat 144 : ['整租·同济蓬莱家园 2室2厅 南', '黄浦-蓬莱公园-同济蓬莱家园', 99.55, 2, 15000, 15000]
repeat 144 : ['整租·武宁路74弄 1室0厅 南', '普陀-武宁-武宁路74弄', 32.0, 1, 6400, 6400]
repeat 144 : ['整租·丰庄十四街坊 1室1厅 南', '嘉定-丰庄-丰庄十四街坊', 50.04, 1, 4800, 4800]
repeat 144 : ['整租·复星新苑 2室2厅 南', '宝山-大华-复星新苑', 96.74, 2, 7500, 7500]
repeat 144 : ['整租·巨洋豪园 2室2厅 南', '浦东-梅园-巨洋豪园', 121.8, 2, 14500, 14500]
repeat 144 : ['整租·大华一村 2室1厅 南', '宝山-大华-大华一村', 69.13, 2, 5600, 5600]
repeat 144 : ['整租·紫竹小区 2室1厅 南', '长宁-北新泾-紫竹小区', 63.29, 2, 7500, 7500]
repeat 144 : ['整租·凤城五村 2室1厅 南', '杨浦-控江路-凤城五村', 52.58, 2, 5500, 5500]
repeat 144 : ['整租·普陀二村 2室1厅 南', '普陀-武宁-普陀二村', 53.05, 2, 7500, 7500]
repeat 144 : ['整租·天原二村 1室0厅 南', '长宁-天山-天原二村', 26.98, 1, 5000, 5000]
repeat 144 : ['整租·怡佳公寓 2室1厅 南/北', '普陀-桃浦-怡佳公寓', 80.43, 2, 5500, 5500]
repeat 144 : ['整租·瑞虹新城天悦郡庭 2室2厅 南', '虹口-临平路-瑞虹新城天悦郡庭', 104.0, 2, 22000, 22000]
repeat 144 : ['整租·泗水和鸣 3室2厅 南/北', '松江-泗泾-泗水和鸣', 99.0, 3, 8200, 8200]
repeat 144 : ['整租·美林小城 2室2厅 南/北', '浦东-康桥-美林小城', 73.32, 2, 5800, 5800]
repeat 144 : ['整租·恒大小区 2室1厅 南/北', '浦东-世博-恒大小区', 55.21, 2, 6500, 6500]
repeat 144 : ['整租·广中路310弄 2室0厅 南', '虹口-凉城-广中路310弄', 48.3, 2, 6000, 6000]
repeat 144 : ['整租·浦发绿城西泰林路850弄 3室2厅 南/北', '浦东-三林-浦发绿城西泰林路850弄', 119.81, 3, 8200, 8200]
repeat 144 : ['整租·延吉四村 2室1厅 南', '杨浦-黄兴公园-延吉四村', 62.0, 2, 5300, 5300]
repeat 144 : ['整租·中铁逸都 3室2厅 南', '青浦-夏阳-中铁逸都', 99.15, 3, 5000, 5000]
repeat 144 : ['整租·杨泰二村 3室1厅 南', '宝山-杨行-杨泰二村', 76.36, 3, 4800, 4800]
repeat 145 : ['整租·园艺新村 2室1厅 南', '闵行-七宝-园艺新村', 55.06, 2, 4900, 4900]
repeat 145 : ['整租·静安紫苑 1室1厅 南', '静安-南京西路-静安紫苑', 51.85, 1, 7500, 7500]
repeat 145 : ['整租·信达蓝爵 3室2厅 南', '松江-松江大学城-信达蓝爵', 81.1, 3, 4000, 4000]
repeat 145 : ['整租·中兴路一号 4室2厅 南/西/北', '静安-西藏北路-中兴路一号', 244.0, 4, 72000, 72000]
repeat 145 : ['整租·科宁公寓 1室1厅 南', '长宁-中山公园-科宁公寓', 52.78, 1, 6800, 6800]
repeat 145 : ['整租·绿庭尚城 2室2厅 南', '松江-九亭-绿庭尚城', 103.0, 2, 7800, 7800]
repeat 145 : ['整租·东庭人家 4室2厅 南', '松江-松江新城-东庭人家', 194.27, 4, 11000, 11000]
repeat 145 : ['整租·海宏大厦 3室1厅 南', '浦东-杨思前滩-海宏大厦', 95.73, 3, 9000, 9000]
repeat 145 : ['整租·竹南小区 1室1厅 南', '浦东-潍坊-竹南小区', 39.72, 1, 5700, 5700]
repeat 145 : ['整租·龙湖滟澜山(公寓) 4室2厅 南', '青浦-赵巷-龙湖滟澜山(公寓)', 176.0, 4, 15000, 15000]
repeat 145 : ['整租·恒大华城天地苑 2室2厅 南/北', '浦东-杨思前滩-恒大华城天地苑', 101.86, 2, 9300, 9300]
repeat 145 : ['整租·财富国际广场 1室1厅 西北', '杨浦-五角场-财富国际广场', 47.63, 1, 5950, 5950]
repeat 145 : ['整租·开城新苑 2室2厅 东南/南', '黄浦-五里桥-开城新苑', 104.83, 2, 13000, 13000]
repeat 145 : ['整租·爱博六村 3室2厅 南/北', '闵行-华漕-爱博六村', 127.0, 3, 8600, 8600]
repeat 145 : ['整租·东方悦耀 1室0厅 东南/北', '浦东-杨思前滩-东方悦耀', 50.77, 1, 8500, 8500]
repeat 145 : ['整租·宝祁雅苑(北区) 2室2厅 南', '宝山-上大-宝祁雅苑(北区)', 71.0, 2, 5500, 5500]
repeat 145 : ['整租·玉兰香苑(四期) 4室1厅 南', '浦东-唐镇-玉兰香苑(四期)', 123.2, 4, 8700, 8700]
repeat 145 : ['整租·牡丹小区(浦东) 1室1厅 南/北', '浦东-花木-牡丹小区(浦东)', 37.75, 1, 5600, 5600]
repeat 145 : ['整租·海珀旭晖酒店式公寓 2室2厅 南', '徐汇-徐汇滨江-海珀旭晖酒店式公寓', 93.14, 2, 18900, 18900]
repeat 145 : ['整租·君誉江畔 1室1厅 东南', '浦东-塘桥-君誉江畔', 56.09, 1, 7200, 7200]
repeat 153 : ['整租·龙柏三村 1室1厅 南', '闵行-龙柏-龙柏三村', 48.8, 1, 5000, 5000]
repeat 153 : ['整租·万科新里程 3室2厅 南', '浦东-杨思前滩-万科新里程', 135.85, 3, 10800, 10800]
repeat 153 : ['整租·上工新村 3室1厅 南', '静安-大宁-上工新村', 66.4, 3, 8700, 8700]
repeat 153 : ['整租·龙吴路11弄 2室1厅 南', '徐汇-万体馆-龙吴路11弄', 56.71, 2, 6000, 6000]
repeat 153 : ['整租·谈家桥路80弄 1室1厅 南', '静安-大宁-谈家桥路80弄', 35.38, 1, 4500, 4500]
repeat 153 : ['整租·万达广场(松江) 1室1厅 南', '松江-松江大学城-万达广场(松江)', 41.9, 1, 3000, 3000]
repeat 153 : ['整租·愚园路750弄 2室1厅 南', '长宁-镇宁路-愚园路750弄', 48.56, 2, 11000, 11000]
repeat 153 : ['整租·保德路241弄 2室1厅 南', '静安-彭浦-保德路241弄', 54.34, 2, 4500, 4500]
repeat 153 : ['整租·万源晶典 1室1厅 北', '浦东-梅园-万源晶典', 33.6, 1, 6500, 6500]
repeat 153 : ['整租·虹仙小区 1室1厅 南', '长宁-仙霞-虹仙小区', 48.0, 1, 5500, 5500]
repeat 153 : ['整租·天山星城 1室2厅 南', '长宁-天山-天山星城', 75.94, 1, 11000, 11000]
repeat 153 : ['整租·新天地河滨花园 3室2厅 南', '长宁-天山-新天地河滨花园', 148.0, 3, 25000, 25000]
repeat 153 : ['整租·九庐 3室2厅 南', '浦东-梅园-九庐', 182.04, 3, 53000, 53000]
repeat 153 : ['整租·柏林春天（二期） 3室2厅 南', '闵行-莘庄南广场-柏林春天（二期）', 124.49, 3, 8800, 8800]
repeat 153 : ['整租·海上湾鹭居 2室2厅 南', '青浦-朱家角-海上湾鹭居', 80.6, 2, 2700, 2700]
repeat 153 : ['整租·诸新三村 2室2厅 南', '闵行-华漕-诸新三村', 70.76, 2, 4800, 4800]
repeat 153 : ['整租·兰港大楼 2室1厅 南', '杨浦-五角场-兰港大楼', 63.16, 2, 6000, 6000]
repeat 153 : ['整租·法华镇路878弄 1室1厅 南', '长宁-新华路-法华镇路878弄', 42.5, 1, 7400, 7400]
repeat 153 : ['整租·锦绣逸庭(公寓) 2室1厅 南', '青浦-徐泾-锦绣逸庭(公寓)', 88.25, 2, 6500, 6500]
repeat 153 : ['整租·碧云花园 3室2厅 南', '浦东-碧云-碧云花园', 270.31, 3, 45000, 45000]
repeat 153 : ['整租·北京西路810-820号(双) 1室1厅 南', '静安-南京西路-北京西路810-820号(双)', 41.65, 1, 8000, 8000]
repeat 153 : ['整租·学府花苑 2室1厅 南', '虹口-江湾镇-学府花苑', 83.11, 2, 6300, 6300]
repeat 156 : ['整租·盛华景苑 1室1厅 南', '徐汇-华泾-盛华景苑', 69.0, 1, 4900, 4900]
repeat 156 : ['整租·纪念小区 1室1厅 南', '虹口-江湾镇-纪念小区', 48.21, 1, 5300, 5300]
repeat 156 : ['整租·新城金郡 3室2厅 南/北', '嘉定-嘉定新城-新城金郡', 93.86, 3, 5200, 5200]
repeat 156 : ['整租·嘉城爱琴海 2室2厅 南/北', '嘉定-江桥-嘉城爱琴海', 101.75, 2, 6000, 6000]
repeat 156 : ['整租·当代高邸 3室2厅 南', '宝山-上大-当代高邸', 105.37, 3, 7000, 7000]
repeat 156 : ['整租·田林五六七村 1室1厅 南', '徐汇-田林-田林五六七村', 32.16, 1, 5000, 5000]
repeat 156 : ['整租·上海大花园 2室2厅 南/北', '杨浦-周家嘴路-上海大花园', 107.25, 2, 11800, 11800]
repeat 156 : ['整租·芙蓉小区 1室1厅 南', '长宁-仙霞-芙蓉小区', 37.67, 1, 7200, 7200]
repeat 156 : ['整租·碧林湾南苑(华友路260弄) 1室1厅 南', '闵行-七宝-碧林湾南苑(华友路260弄)', 49.68, 1, 4500, 4500]
repeat 156 : ['整租·延吉七村 1室1厅 南', '杨浦-黄兴公园-延吉七村', 35.6, 1, 4800, 4800]
repeat 156 : ['整租·海滨三村 1室0厅 南', '宝山-淞宝-海滨三村', 35.19, 1, 3000, 3000]
repeat 156 : ['整租·云阳花苑 2室2厅 南', '长宁-新华路-云阳花苑', 81.8, 2, 13000, 13000]
repeat 156 : ['整租·通用昱慧苑 2室2厅 南', '青浦-徐泾-通用昱慧苑', 81.71, 2, 5200, 5200]
repeat 156 : ['整租·天平路91弄 2室1厅 南', '徐汇-徐家汇-天平路91弄', 54.74, 2, 7800, 7800]
repeat 156 : ['整租·米拉公寓 1室2厅 西', '嘉定-江桥-米拉公寓', 52.16, 1, 3400, 3400]
repeat 156 : ['整租·华鹏花苑 1室2厅 南', '宝山-大华-华鹏花苑', 58.02, 1, 4800, 4800]
repeat 156 : ['整租·骏豪国际 1室1厅 东', '静安-南京西路-骏豪国际', 50.54, 1, 7500, 7500]
repeat 156 : ['整租·海德名园(公寓) 3室2厅 南', '松江-松江新城-海德名园(公寓)', 117.31, 3, 5200, 5200]
repeat 156 : ['整租·尚景丽园 3室2厅 南/北', '浦东-周浦-尚景丽园', 143.02, 3, 8800, 8800]
repeat 150 : ['整租·成亿宝盛家苑 2室1厅 南', '宝山-顾村-成亿宝盛家苑', 73.97, 2, 5000, 5000]
repeat 150 : ['整租·遵义小区 1室1厅 南', '长宁-中山公园-遵义小区', 40.0, 1, 5000, 5000]
repeat 150 : ['整租·化工小区(静安) 1室1厅 南', '静安-南京西路-化工小区(静安)', 41.31, 1, 8000, 8000]
repeat 150 : ['整租·普陀四村 1室1厅 南', '普陀-武宁-普陀四村', 51.44, 1, 7000, 7000]
repeat 150 : ['整租·菊泉新城(陆翔路698弄) 2室2厅 南/北', '宝山-顾村-菊泉新城(陆翔路698弄)', 73.56, 2, 4000, 4000]
repeat 150 : ['整租·万科朗润园 3室2厅 南', '闵行-七宝-万科朗润园', 129.57, 3, 12500, 12500]
repeat 150 : ['整租·锦博苑 3室2厅 南', '浦东-北蔡-锦博苑', 102.03, 3, 9500, 9500]
repeat 150 : ['整租·中洲华庭 3室2厅 南', '浦东-新场-中洲华庭', 93.0, 3, 4300, 4300]
repeat 150 : ['整租·章家巷小区 1室1厅 南', '普陀-甘泉宜川-章家巷小区', 37.96, 1, 3800, 3800]
repeat 150 : ['整租·中兴路461弄 1室1厅 东南', '静安-西藏北路-中兴路461弄', 32.76, 1, 5000, 5000]
repeat 150 : ['整租·又一村(静安) 1室1厅 东南', '静安-江宁路-又一村(静安)', 37.54, 1, 6000, 6000]
repeat 150 : ['整租·青春驿站 1室1厅 南/北', '松江-九亭-青春驿站', 43.19, 1, 4300, 4300]
repeat 150 : ['整租·莲溪六村 2室1厅 南', '浦东-北蔡-莲溪六村', 54.0, 2, 6300, 6300]
repeat 150 : ['整租·东方帕堤欧 2室2厅 南/北', '宝山-顾村-东方帕堤欧', 80.31, 2, 3800, 3800]
repeat 150 : ['整租·浦建727 2室1厅 西南', '浦东-塘桥-浦建727', 138.56, 2, 13000, 13000]
repeat 150 : ['整租·中铁北城时代 2室1厅 南', '宝山-杨行-中铁北城时代', 75.0, 2, 4800, 4800]
repeat 150 : ['整租·由由五村 1室1厅 南', '浦东-北蔡-由由五村', 26.0, 1, 4500, 4500]
repeat 150 : ['整租·罗阳七村(三洲花园) 2室1厅 南', '闵行-梅陇-罗阳七村(三洲花园)', 70.53, 2, 4800, 4800]
repeat 150 : ['整租·场中路2471弄 1室1厅 南', '静安-彭浦-场中路2471弄', 46.27, 1, 3500, 3500]
repeat 150 : ['整租·枫庭丽苑 3室2厅 南/北', '宝山-大华-枫庭丽苑', 127.27, 3, 9800, 9800]
repeat 150 : ['整租·南洋博仕欣居 3室2厅 南', '闵行-老闵行-南洋博仕欣居', 111.22, 3, 7200, 7200]
repeat 150 : ['整租·宝龙广场二期 1室2厅 南', '青浦-赵巷-宝龙广场二期', 111.0, 1, 4200, 4200]
repeat 150 : ['整租·东渡悦来城 2室2厅 南', '青浦-盈浦-东渡悦来城', 90.29, 2, 5000, 5000]
repeat 150 : ['整租·墨翠里 1室1厅 南', '虹口-江湾镇-墨翠里', 59.39, 1, 5500, 5500]
repeat 150 : ['整租·交大农学院家属楼 2室1厅 南', '闵行-七宝-交大农学院家属楼', 50.67, 2, 4000, 4000]
repeat 150 : ['整租·保利叶上海(别墅) 5室3厅 南', '宝山-顾村-保利叶上海(别墅)', 276.14, 5, 22000, 22000]
repeat 150 : ['整租·浦江世博家园七街坊 3室1厅 南/北', '闵行-浦江-浦江世博家园七街坊', 95.39, 3, 7500, 7500]
repeat 150 : ['整租·华光花园 4室2厅 南', '闵行-金虹桥-华光花园', 151.82, 4, 14000, 14000]
repeat 150 : ['整租·文翔名苑(公寓) 3室2厅 南/北', '松江-松江大学城-文翔名苑(公寓)', 89.94, 3, 4500, 4500]
repeat 150 : ['整租·瑞和城叁街区(汇臻路815弄) 2室2厅 南/北', '闵行-闵浦-瑞和城叁街区(汇臻路815弄)', 87.0, 2, 3800, 3800]
repeat 38 : ['整租·古北玛瑙园 4室2厅 南', '长宁-古北-古北玛瑙园', 179.92, 4, 23800, 23800]
delete(repeat&illegal) : 27552 | orignal 30540 remain 2988