repeat 1 : ['整租·翠成馨园B区 2室2厅 南', '朝阳-垡头-翠成馨园B区', 92.0, 2, 6700, 6700]
repeat 1 : ['整租·后现代城B区 2室2厅 北', '朝阳-大望路-后现代城B区', 115.0, 2, 11000, 11000]
repeat 1 : ['整租·美利国际 2房间 北', '大兴-旧宫-美利国际', 130.0, 2, 7900, 7900]
repeat 1 : ['整租·金澳国际 1室0厅 西南', '海淀-马甸-金澳国际', 55.0, 1, 7200, 7200]
repeat 1 : ['整租·苏州街33号公寓 1房间 西北', '海淀-苏州桥-苏州街33号公寓', 67.4, 1, 8500, 8500]
repeat 1 : ['整租·中国铁建顺鑫汇 3房间 南/北', '顺义-顺义其它-中国铁建顺鑫汇', 66.0, 3, 3700, 3700]
repeat 1 : ['整租·冠城名敦道A区 1室1厅 西南', '东城-广渠门-冠城名敦道A区', 83.0, 1, 8800, 8800]
repeat 1 : ['整租·新华联丽港 1房间 东', '朝阳-酒仙桥-新华联丽港', 52.0, 1, 5500, 5500]
repeat 1 : ['整租·IDCITY艾迪城 3房间 复式 南', '顺义-后沙峪-IDCITY艾迪城', 62.0, 3, 7600, 7600]
repeat 1 : ['整租·绿地中央广场 2房间 南', '大兴-高米店-绿地中央广场', 91.68, 2, 8500, 8500]
repeat 2 : ['整租·宜品上层 1房间 南', '海淀-上地-宜品上层', 58.0, 1, 5600, 5600]
repeat 1 : ['整租·八里庄路62号院 2房间 南', '海淀-定慧寺-八里庄路62号院', 79.0, 2, 8600, 8600]
repeat 177 : ['整租·润枫领尚 4室2厅 南/北', '通州-通州其它-润枫领尚', 265.54, 4, 15000, 15000]
repeat 170 : ['整租·华人一品大厦 2房间 北', '东城-东四-华人一品大厦', 56.0, 2, 5600, 5600]
repeat 1 : ['整租·苏州胡同 2室1厅 南/北', '东城-建国门内-苏州胡同', 65.0, 2, 8500, 8500]
repeat 1 : ['整租·熙公馆 3房间 西', '丰台-青塔-熙公馆', 98.0, 3, 6500, 6500]
repeat 1 : ['整租·红庭 3房间 南/北', '丰台-岳各庄-红庭', 48.61, 3, 5200, 5200]
repeat 1 : ['整租·蓝光云鼎 2房间 跃层 南', '丰台-马家堡-蓝光云鼎', 60.0, 2, 5200, 5200]
repeat 1 : ['整租·果岭假日 5室5厅 南/北', '大兴-义和庄-果岭假日', 580.0, 5, 20000, 20000]
repeat 1 : ['整租·玉带河西街 2室2厅 南/北', '通州-万达-玉带河西街', 61.0, 2, 3600, 3600]
repeat 1 : ['整租·空港新苑五区13号院 2室1厅 南/北', '大兴-大兴机场空港-空港新苑五区13号院', 89.0, 2, 1800, 1800]
repeat 1 : ['整租·大方居 2室1厅 南/北', '通州-九棵树(家乐福)-大方居', 87.78, 2, 3500, 3500]
repeat 1 : ['整租·景和园 2室1厅 南/北', '海淀-西北旺-景和园', 81.0, 2, 7300, 7300]
repeat 1 : ['整租·中海枫涟山庄 2室1厅 南/北', '海淀-西北旺-中海枫涟山庄', 87.7, 2, 6000, 6000]
repeat 1 : ['整租·丝竹园小区 1室1厅 南', '朝阳-健翔桥-丝竹园小区', 58.0, 1, 5500, 5500]
repeat 1 : ['整租·华盛乐章 3室1厅 东/南', '朝阳-健翔桥-华盛乐章', 129.0, 3, 11500, 11500]
repeat 1 : ['整租·角门甲4号院 2室1厅 南/北', '丰台-角门-角门甲4号院', 71.0, 2, 5100, 5100]
repeat 1 : ['整租·开阳里三区 2室1厅 西北', '丰台-北京南站-开阳里三区', 95.0, 2, 6700, 6700]
repeat 1 : ['整租·右外东庄 2室1厅 东南', '丰台-北京南站-右外东庄', 61.1, 2, 5900, 5900]
repeat 1 : ['整租·蓝星花园 2室2厅 南/北', '顺义-后沙峪-蓝星花园', 121.56, 2, 6200, 6200]
repeat 1 : ['整租·民康胡同30号院 2室1厅 西/北', '西城-金融街-民康胡同30号院', 72.7, 2, 13500, 13500]
repeat 1 : ['整租·华纺易城 1室1厅 东/北', '朝阳-朝青-华纺易城', 60.0, 1, 7700, 7700]
repeat 1 : ['整租·新起点嘉园 3室2厅 东南', '海淀-万柳-新起点嘉园', 158.05, 3, 22800, 22800]
repeat 1 : ['整租·华严北里2号院 2室1厅 东/西', '朝阳-健翔桥-华严北里2号院', 58.0, 2, 6500, 6500]
repeat 1 : ['整租·国锐金嵿 3室1厅 南/北', '亦庄开发区-亦庄-国锐金嵿', 277.96, 3, 28000, 28000]
repeat 1 : ['整租·华冠丽景 2室2厅 南/北', '东城-东直门-华冠丽景', 126.75, 2, 26000, 26000]
repeat 1 : ['整租·尚城 3室2厅 西北', '昌平-回龙观-尚城', 67.0, 3, 5200, 5200]
repeat 1 : ['整租·万科观承别墅二期 4室2厅 复式 东/南/北', '顺义-后沙峪-万科观承别墅二期', 335.5, 4, 55000, 55000]
repeat 1 : ['整租·金隅万科城二期 2室1厅 东南', '昌平-鼓楼大街-金隅万科城二期', 84.59, 2, 5000, 5000]
repeat 1 : ['整租·裕民东里 1室1厅 南', '朝阳-马甸-裕民东里', 43.0, 1, 6500, 6500]
repeat 1 : ['整租·孛旺花园 2室1厅 南/北', '朝阳-垡头-孛旺花园', 103.0, 2, 7000, 7000]
repeat 1 : ['整租·韩庄子西里 2室1厅 南/北', '丰台-看丹桥-韩庄子西里', 54.0, 2, 4600, 4600]
repeat 1 : ['整租·建设研究院 2室1厅 南/北', '海淀-五棵松-建设研究院', 60.9, 2, 6800, 6800]
repeat 1 : ['整租·兴华园 3室1厅 南', '大兴-枣园-兴华园', 96.78, 3, 4800, 4800]
repeat 1 : ['整租·首开智慧社 1房间 西', '昌平-回龙观-首开智慧社', 51.0, 1, 5200, 5200]
repeat 1 : ['整租·宜品上层 1房间 南', '海淀-上地-宜品上层', 58.0, 1, 7000, 7000]
repeat 1 : ['整租·花园公寓 2室1厅 东/北', '海淀-牡丹园-花园公寓', 55.0, 2, 7200, 7200]
repeat 1 : ['整租·BOBO自由城 3室1厅 南/北', '通州-武夷花园-BOBO自由城', 127.0, 3, 7500, 7500]
repeat 1 : ['整租·马甸南村 2室1厅 东/西', '西城-马甸-马甸南村', 64.8, 2, 7000, 7000]
repeat 1 : ['整租·大西洋新城E区 2室1厅 东', '朝阳-望京-大西洋新城E区', 89.86, 2, 11500, 11500]
repeat 1 : ['整租·金顶阳光 2室1厅 西南', '石景山-苹果园-金顶阳光', 89.24, 2, 5900, 5900]
repeat 1 : ['整租·垂杨柳南里 2室1厅 南/北', '朝阳-劲松-垂杨柳南里', 48.81, 2, 6600, 6600]
repeat 1 : ['整租·空港新苑二区2号院 2室1厅 南', '大兴-大兴机场空港-空港新苑二区2号院', 80.0, 2, 1600, 1600]
repeat 1 : ['整租·天鹅堡 2室2厅 南/北', '通州-马驹桥-天鹅堡', 100.0, 2, 5000, 5000]
repeat 1 : ['整租·阿尔法社区 3室1厅 南/北', '通州-九棵树(家乐福)-阿尔法社区', 110.0, 3, 5200, 5200]
repeat 1 : ['整租·天通中苑二区 3房间 西南', '昌平-天通苑-天通中苑二区', 150.87, 3, 11000, 11000]
repeat 1 : ['整租·三里河一区2号院 3室1厅 西南/北', '西城-月坛-三里河一区2号院', 86.0, 3, 15500, 15500]
repeat 1 : ['整租·北辰香麓 4室2厅 复式 南/西/北', '海淀-海淀北部新区-北辰香麓', 276.98, 4, 20000, 20000]
repeat 1 : ['整租·水清木华园 3室2厅 西北', '海淀-五道口-水清木华园', 147.75, 3, 19000, 19000]
repeat 1 : ['整租·金色漫香苑 4室2厅 南/北', '昌平-北七家-金色漫香苑', 189.0, 4, 13000, 13000]
repeat 1 : ['整租·西山洋房 2室2厅 南/北', '海淀-田村-西山洋房', 89.0, 2, 7999, 7999]
repeat 1 : ['整租·上地西里 5室2厅 南/北', '海淀-上地-上地西里', 181.0, 5, 19000, 19000]
repeat 1 : ['整租·翠成馨园E区 2室1厅 南', '朝阳-垡头-翠成馨园E区', 71.5, 2, 4500, 4500]
repeat 1 : ['整租·三里屯南路 1室1厅 南', '朝阳-三里屯-三里屯南路', 46.0, 1, 6800, 6800]
repeat 1 : ['整租·东大桥路 2室1厅 东/南', '朝阳-朝阳门外-东大桥路', 43.86, 2, 7000, 7000]
repeat 1 : ['整租·公园1872 4室2厅 南/北', '朝阳-石佛营-公园1872', 279.75, 4, 49000, 49000]
repeat 1 : ['整租·龙潭北里 3室1厅 南/北', '东城-左安门-龙潭北里', 60.0, 3, 8000, 8000]
repeat 1 : ['整租·方圆公寓 2室1厅 北', '海淀-白石桥-方圆公寓', 118.0, 2, 16000, 16000]
repeat 1 : ['整租·首开熙悦睿府书香 2房间 南', '房山-良乡-首开熙悦睿府书香', 50.0, 2, 2600, 2600]
repeat 1 : ['整租·林肯公园 2室1厅 南/北', '亦庄开发区-亦庄-林肯公园', 92.0, 2, 7800, 7800]
repeat 1 : ['整租·蓝堡国际公寓 1室0厅 西', '朝阳-CBD-蓝堡国际公寓', 45.0, 1, 7600, 7600]
repeat 1 : ['整租·泛海国际碧海园 3室2厅 南/北', '朝阳-朝阳公园-泛海国际碧海园', 209.0, 3, 29000, 29000]
repeat 1 : ['整租·京贸国际城 2室1厅 南/北', '通州-武夷花园-京贸国际城', 89.93, 2, 4900, 4900]
repeat 1 : ['整租·南湖东园二区 3室1厅 南/北', '朝阳-望京-南湖东园二区', 87.0, 3, 8600, 8600]
repeat 1 : ['整租·长银大厦 3室1厅 西', '海淀-五棵松-长银大厦', 64.37, 3, 9500, 9500]
repeat 1 : ['整租·绿地启航国际南区 1房间 北', '顺义-后沙峪-绿地启航国际南区', 40.0, 1, 4600, 4600]
repeat 1 : ['整租·知春里 3室1厅 东南', '海淀-双榆树-知春里', 74.81, 3, 11500, 11500]
repeat 1 : ['整租·望馨花园 2室1厅 东南', '朝阳-望京-望馨花园', 94.41, 2, 8500, 8500]
repeat 1 : ['整租·龙旗广场 2室1厅 西南', '昌平-回龙观-龙旗广场', 80.13, 2, 6800, 6800]
repeat 1 : ['整租·远洋沁山水上品 1室1厅 南', '石景山-鲁谷-远洋沁山水上品', 63.94, 1, 6800, 6800]
repeat 1 : ['整租·豪柏大厦 3室1厅 东', '海淀-紫竹桥-豪柏大厦', 122.23, 3, 13000, 13000]
repeat 1 : ['整租·西三环北路86号院 3室2厅 南/北', '海淀-甘家口-西三环北路86号院', 92.57, 3, 12000, 12000]
repeat 1 : ['整租·时间国际中心 1室0厅 西北', '朝阳-三元桥-时间国际中心', 200.0, 1, 27375, 27375]
repeat 1 : ['整租·西坝河东里 2室1厅 南', '朝阳-西坝河-西坝河东里', 53.0, 2, 6300, 6300]
repeat 1 : ['整租·康斯丹郡 4室2厅 南/北', '朝阳-亚运村小营-康斯丹郡', 260.0, 4, 34500, 34500]
repeat 1 : ['整租·龙湖双珑原著 4室2厅 南/北', '朝阳-中央别墅区-龙湖双珑原著', 199.0, 4, 30000, 30000]
repeat 1 : ['整租·时代风帆大厦 3室1厅 西北', '丰台-马家堡-时代风帆大厦', 133.89, 3, 12000, 12000]
repeat 1 : ['整租·天畅园 2室1厅 西', '朝阳-奥林匹克公园-天畅园', 131.0, 2, 12000, 12000]
repeat 1 : ['整租·石坊院 2房间 西', '昌平-鼓楼大街-石坊院', 74.69, 2, 3500, 3500]
repeat 1 : ['整租·古城路小区 2室1厅 南/北', '石景山-古城-古城路小区', 58.0, 2, 4300, 4300]
repeat 1 : ['整租·美利山 5室3厅 东/南/西', '朝阳-百子湾-美利山', 361.2, 5, 23000, 23000]
repeat 1 : ['整租·远洋万和城A区 4室2厅 南/西/北', '朝阳-亚运村小营-远洋万和城A区', 286.8, 4, 46500, 46500]
repeat 1 : ['整租·兴创D标 2房间 东', '大兴-高米店-兴创D标', 85.0, 2, 8500, 8500]
repeat 1 : ['整租·西郊宾馆 2室1厅 南/北', '海淀-五道口-西郊宾馆', 60.0, 2, 7700, 7700]
repeat 1 : ['整租·盛德紫阙 1室0厅 西', '东城-和平里-盛德紫阙', 68.62, 1, 10500, 10500]
repeat 1 : ['整租·嘉特美公馆 2房间 北', '丰台-北京南站-嘉特美公馆', 36.51, 2, 4600, 4600]
repeat 1 : ['整租·水郡长安 5室2厅 南/北', '朝阳-双桥-水郡长安', 306.0, 5, 23000, 23000]
repeat 1 : ['整租·远大园五区 3室2厅 西南', '海淀-世纪城-远大园五区', 130.0, 3, 15500, 15500]
repeat 1 : ['整租·车站中里 2室1厅 南/北', '大兴-黄村火车站-车站中里', 68.0, 2, 4200, 4200]
repeat 1 : ['整租·马家堡67号院 1室1厅 东', '丰台-角门-马家堡67号院', 56.69, 1, 4500, 4500]
repeat 1 : ['整租·中国铁建梧桐汇 2室1厅 南', '门头沟-上岸地铁-中国铁建梧桐汇', 87.0, 2, 5990, 5990]
repeat 1 : ['整租·林肯公寓 5房间 复式 东/西北', '亦庄开发区-亦庄-林肯公寓', 87.64, 5, 10000, 10000]
repeat 1 : ['整租·育人里小区 2室2厅 南/北', '西城-右安门内-育人里小区', 73.0, 2, 8200, 8200]
repeat 1 : ['整租·后现代城B区 1室0厅 南/北', '朝阳-大望路-后现代城B区', 220.14, 1, 22000, 22000]
repeat 1 : ['整租·马家堡西里 2室1厅 东/西', '丰台-马家堡-马家堡西里', 52.6, 2, 5500, 5500]
repeat 1 : ['整租·千鹤家园 2室1厅 南', '朝阳-惠新西街-千鹤家园', 167.93, 2, 18000, 18000]
repeat 1 : ['整租·金隅凤麟洲 1室0厅 东', '朝阳-朝青-金隅凤麟洲', 38.0, 1, 5000, 5000]
repeat 1 : ['整租·点击未来 1室0厅 东南', '朝阳-望京-点击未来', 44.0, 1, 5300, 5300]
repeat 1 : ['整租·前泥洼小区 2室1厅 南/北', '丰台-丽泽-前泥洼小区', 59.15, 2, 4900, 4900]
repeat 1 : ['整租·誉天下四期 5室2厅 南', '顺义-中央别墅区-誉天下四期', 400.0, 5, 37800, 37800]
repeat 1 : ['整租·绿林苑 2室1厅 南/北', '大兴-西红门-绿林苑', 96.51, 2, 5100, 5100]
repeat 1 : ['整租·华兴园 2室2厅 南/北', '通州-通州北苑-华兴园', 95.0, 2, 8200, 8200]
repeat 1 : ['整租·富力城A区 3室1厅 东南', '朝阳-双井-富力城A区', 132.0, 3, 15500, 15500]
repeat 1 : ['整租·金海国际南区 1室1厅 东', '朝阳-百子湾-金海国际南区', 66.15, 1, 7500, 7500]
repeat 1 : ['整租·裕龙四区 3室1厅 南/北', '顺义-顺义城-裕龙四区', 104.06, 3, 4000, 4000]
repeat 1 : ['整租·君安国际 3房间 东北', '亦庄开发区-亦庄-君安国际', 114.61, 3, 7800, 7800]
repeat 1 : ['整租·车公庄西路甲7号院 2室1厅 东/西', '海淀-甘家口-车公庄西路甲7号院', 58.0, 2, 6900, 6900]
repeat 1 : ['整租·六铺炕一区 2室1厅 南', '西城-六铺炕-六铺炕一区', 71.8, 2, 9000, 9000]
repeat 1 : ['整租·美利山 3室1厅 东北', '朝阳-百子湾-美利山', 98.33, 3, 7900, 7900]
repeat 1 : ['整租·莫奈花园 4室2厅 复式 南', '顺义-后沙峪-莫奈花园', 302.79, 4, 40000, 40000]
repeat 1 : ['整租·月华小区 3室1厅 南/北', '房山-良乡-月华小区', 100.0, 3, 3500, 3500]
repeat 1 : ['整租·光辉南里 2室1厅 南/北', '朝阳-CBD-光辉南里', 63.0, 2, 6800, 6800]
repeat 176 : ['整租·望园东里 3室1厅 南/西', '丰台-七里庄-望园东里', 118.0, 3, 8300, 8300]
repeat 176 : ['整租·万年花城新回迁 3室2厅 南/北', '丰台-玉泉营-万年花城新回迁', 110.0, 3, 9000, 9000]
repeat 176 : ['整租·金澳国际 1室0厅 西南', '海淀-马甸-金澳国际', 55.0, 1, 7000, 7000]
repeat 176 : ['整租·航天社区 1室1厅 东', '海淀-中关村-航天社区', 59.32, 1, 8000, 8000]
repeat 176 : ['整租·天恒旭辉7号院 5房间 南/北', '大兴-大兴新机场-天恒旭辉7号院', 130.0, 5, 4000, 4000]
repeat 176 : ['整租·住邦2000 1室0厅 南/北', '朝阳-四惠-住邦2000', 135.5, 1, 20000, 20000]
repeat 176 : ['整租·嘉特美公馆 4房间 南', '丰台-北京南站-嘉特美公馆', 160.0, 4, 11500, 11500]
repeat 176 : ['整租·本家润园C区 1室1厅 西', '东城-东花市-本家润园C区', 53.24, 1, 5800, 5800]
repeat 176 : ['整租·枫桦豪景一期 3室1厅 南/北', '西城-牛街-枫桦豪景一期', 186.39, 3, 22000, 22000]
repeat 176 : ['整租·顺八条1号院 1室0厅 东/西', '丰台-宋家庄-顺八条1号院', 1950.0, 1, 204750, 204750]
repeat 176 : ['整租·向军北里 3室1厅 南/北', '朝阳-东大桥-向军北里', 70.0, 3, 12000, 12000]
repeat 176 : ['整租·知春路2号院 1室1厅 东', '海淀-知春路-知春路2号院', 50.72, 1, 7600, 7600]
repeat 176 : ['整租·北京财富中心 1室1厅 北', '朝阳-东大桥-北京财富中心', 86.0, 1, 15500, 15500]
repeat 176 : ['整租·金融世家 4室2厅 西北', '西城-木樨地-金融世家', 301.0, 4, 63000, 63000]
repeat 176 : ['整租·清华园 2室1厅 南/北', '海淀-五道口-清华园', 55.5, 2, 8000, 8000]
repeat 176 : ['整租·独墅逸致 5室3厅 东/南/西/北', '大兴-大兴新机场-独墅逸致', 381.68, 5, 30000, 30000]
repeat 176 : ['整租·前肖家胡同 1室1厅 南', '东城-安定门-前肖家胡同', 15.2, 1, 3200, 3200]
repeat 176 : ['整租·都城心屿 2室1厅 南/北', '朝阳-劲松-都城心屿', 90.0, 2, 8300, 8300]
repeat 176 : ['整租·自在香山 4室2厅 南/北', '海淀-西山-自在香山', 350.0, 4, 32500, 32500]
repeat 176 : ['整租·泰禾金府大院 4室2厅 南/北', '丰台-新宫-泰禾金府大院', 172.0, 4, 18000, 18000]
repeat 176 : ['整租·北科建泰禾丽春湖院子 4室1厅 南/北', '昌平-沙河-北科建泰禾丽春湖院子', 184.63, 4, 10000, 10000]
repeat 176 : ['整租·西大望路铁西宿舍 2室1厅 南/北', '朝阳-大望路-西大望路铁西宿舍', 51.0, 2, 5100, 5100]
repeat 176 : ['整租·双花园南里一区 2室1厅 西', '朝阳-双井-双花园南里一区', 120.95, 2, 9500, 9500]
repeat 176 : ['整租·合景映月台 6室2厅 南/北', '海淀-清河-合景映月台', 200.0, 6, 30000, 30000]
repeat 176 : ['整租·国英一号 2室1厅 西', '西城-官园-国英一号', 143.59, 2, 22000, 22000]
repeat 176 : ['整租·华人一品大厦 1房间 南', '东城-东四-华人一品大厦', 18.96, 1, 4500, 4500]
repeat 176 : ['整租·法华南里 1室1厅 东/西', '东城-崇文门-法华南里', 65.18, 1, 7300, 7300]
repeat 176 : ['整租·温泉花园A区 5室3厅 复式 南/北', '昌平-北七家-温泉花园A区', 260.7, 5, 12000, 12000]
repeat 176 : ['整租·绿地启航社 1房间 东/南', '房山-长阳-绿地启航社', 168.0, 1, 9000, 9000]
repeat 156 : ['整租·万象新天四区 3室2厅 南/北', '朝阳-常营-万象新天四区', 125.0, 3, 9500, 9500]
repeat 156 : ['整租·K2清水湾 2室1厅 西南', '通州-潞苑-K2清水湾', 113.0, 2, 6500, 6500]
repeat 156 : ['整租·玉璞家园 1室0厅 南', '丰台-丽泽-玉璞家园', 55.0, 1, 5000, 5000]
repeat 156 : ['整租·胜古南里 1室0厅 南', '朝阳-惠新西街-胜古南里', 20.0, 1, 4200, 4200]
repeat 156 : ['整租·翌景嘉园 3室2厅 西北', '朝阳-潘家园-翌景嘉园', 181.5, 3, 12800, 12800]
repeat 156 : ['整租·方恒东景 2室1厅 南', '通州-临河里-方恒东景', 87.86, 2, 4300, 4300]
repeat 156 : ['整租·法华南里 1室1厅 西', '东城-崇文门-法华南里', 47.56, 1, 5600, 5600]
repeat 156 : ['整租·金华园 2室2厅 南/北', '大兴-西红门-金华园', 110.0, 2, 5500, 5500]
repeat 156 : ['整租·农展南里 2室1厅 东南', '朝阳-农展馆-农展南里', 58.0, 2, 7500, 7500]
repeat 156 : ['整租·阳光100 2室1厅 东/东南', '朝阳-CBD-阳光100', 109.24, 2, 13000, 13000]
repeat 156 : ['整租·角门东里 1室1厅 东南', '丰台-角门-角门东里', 62.65, 1, 5300, 5300]
repeat 156 : ['整租·白家庄东里 1室1厅 南', '朝阳-团结湖-白家庄东里', 36.31, 1, 5200, 5200]
repeat 156 : ['整租·察慈小区 1室1厅 南', '东城-东直门-察慈小区', 49.33, 1, 7300, 7300]
repeat 156 : ['整租·保利西山林语 2室1厅 东/南', '海淀-海淀北部新区-保利西山林语', 88.68, 2, 6000, 6000]
repeat 156 : ['整租·长安新城 2室1厅 南/北', '丰台-青塔-长安新城', 94.93, 2, 7000, 7000]
repeat 156 : ['整租·富力阳光美园 3室1厅 东北', '朝阳-常营-富力阳光美园', 89.0, 3, 7200, 7200]
repeat 156 : ['整租·高家园二区 2室1厅 西北', '朝阳-酒仙桥-高家园二区', 54.25, 2, 6300, 6300]
repeat 156 : ['整租·北太平庄路 3室1厅 南/北', '海淀-北太平庄-北太平庄路', 77.8, 3, 10800, 10800]
repeat 156 : ['整租·鸿坤理想城礼域府 3室2厅 南/北', '大兴-西红门-鸿坤理想城礼域府', 141.0, 3, 7500, 7500]
repeat 156 : ['整租·安翔南里 2室1厅 南/北', '朝阳-健翔桥-安翔南里', 56.5, 2, 6800, 6800]
repeat 156 : ['整租·朝庭 2室2厅 东南', '朝阳-望京-朝庭', 113.0, 2, 12500, 12500]
repeat 156 : ['整租·水星园 3室1厅 南/北', '朝阳-太阳宫-水星园', 156.75, 3, 20000, 20000]
repeat 156 : ['整租·皇姑坟小区 1室1厅 南', '朝阳-安贞-皇姑坟小区', 48.3, 1, 5200, 5200]
repeat 156 : ['整租·龙潭西里 1室1厅 东/北', '东城-左安门-龙潭西里', 43.48, 1, 5900, 5900]
repeat 156 : ['整租·万科红 3室1厅 南/北', '丰台-宋家庄-万科红', 98.0, 3, 11500, 11500]
repeat 156 : ['整租·长安新城 2室1厅 南/北', '丰台-青塔-长安新城', 115.0, 2, 10500, 10500]
repeat 156 : ['整租·摩码大厦 1室0厅 南', '朝阳-团结湖-摩码大厦', 33.4, 1, 5200, 5200]
repeat 156 : ['整租·世界侨商中心 1室0厅 南', '通州-北关-世界侨商中心', 43.21, 1, 3900, 3900]
repeat 156 : ['整租·尚家楼48号院 3室1厅 南/北', '朝阳-三元桥-尚家楼48号院', 88.3, 3, 10500, 10500]
repeat 156 : ['整租·清欣园甲区 2室1厅 东/西', '大兴-旧宫-清欣园甲区', 76.25, 2, 4500, 4500]
repeat 152 : ['整租·熙湖 3室1厅 南/北', '海淀-田村-熙湖', 146.23, 3, 14500, 14500]
repeat 152 : ['整租·国门智慧城 3室1厅 南', '顺义-后沙峪-国门智慧城', 72.0, 3, 5500, 5500]
repeat 152 : ['整租·澳洲康都 1室1厅 南', '朝阳-望京-澳洲康都', 66.6, 1, 7300, 7300]
repeat 152 : ['整租·萬橡悦府 3室2厅 南/西', '昌平-回龙观-萬橡悦府', 89.0, 3, 7500, 7500]
repeat 152 : ['整租·领秀慧谷D区 2室1厅 南', '昌平-回龙观-领秀慧谷D区', 69.29, 2, 6800, 6800]
repeat 305 : ['整租·郦城工作区 2房间 北', '海淀-四季青-郦城工作区', 87.0, 2, 20000, 20000]
repeat 152 : ['整租·炫特嘉园三期 2室1厅 南/北', '朝阳-石佛营-炫特嘉园三期', 95.0, 2, 8000, 8000]
repeat 152 : ['整租·林肯公园A区 5房间 东北', '亦庄开发区-亦庄-林肯公园A区', 151.83, 5, 12000, 12000]
repeat 152 : ['整租·龙邸 4室3厅 南/北', '昌平-回龙观-龙邸', 280.0, 4, 20000, 20000]
repeat 152 : ['整租·中成大厦 3室1厅 东/西', '海淀-圆明园-中成大厦', 117.0, 3, 17000, 17000]
repeat 152 : ['整租·王府花园 3室1厅 东/南/北', '昌平-北七家-王府花园', 138.0, 3, 9000, 9000]
repeat 152 : ['整租·梵谷水郡 1室0厅 南', '朝阳-酒仙桥-梵谷水郡', 62.0, 1, 7000, 7000]
repeat 152 : ['整租·金隅万科城悦嘉公寓 车库', '朝阳-酒仙桥-梵谷水郡', 62.0, 1, 500, 500]
repeat 152 : ['整租·后现代城C区 2室1厅 东南', '朝阳-大望路-后现代城C区', 98.89, 2, 9800, 9800]
repeat 152 : ['整租·怡海花园恒丰园 2室1厅 南/北', '丰台-玉泉营-怡海花园恒丰园', 83.0, 2, 6000, 6000]
repeat 152 : ['整租·长青园 3室1厅 南/北', '东城-左安门-长青园', 79.0, 3, 7500, 7500]
repeat 152 : ['整租·甘水桥 2室1厅 南/北', '东城-和平里-甘水桥', 60.49, 2, 8600, 8600]
repeat 152 : ['整租·华龙小区 2室1厅 南/北', '通州-潞苑-华龙小区', 65.0, 2, 3400, 3400]
repeat 152 : ['整租·金隅凤麟洲 1室0厅 东', '朝阳-朝青-金隅凤麟洲', 37.0, 1, 5200, 5200]
repeat 152 : ['整租·劲松六区 2室1厅 南/北', '朝阳-潘家园-劲松六区', 60.49, 2, 6400, 6400]
repeat 152 : ['整租·林肯公园C区 6房间 南/北', '亦庄开发区-亦庄-林肯公园C区', 227.0, 6, 29999, 29999]
repeat 152 : ['整租·望京金茂府 4室2厅 南/北', '朝阳-望京-望京金茂府', 275.0, 4, 50000, 50000]
repeat 152 : ['整租·巨山馨苑 2室1厅 南/北', '海淀-西山-巨山馨苑', 86.0, 2, 7700, 7700]
repeat 152 : ['整租·北苑家园茉藜园 2室1厅 东南/西', '朝阳-北苑-北苑家园茉藜园', 88.0, 2, 7800, 7800]
repeat 152 : ['整租·泛海国际澜海园 5室2厅 南/北', '朝阳-朝阳公园-泛海国际澜海园', 309.0, 5, 55000, 55000]
repeat 152 : ['整租·丽水嘉园 2室1厅 东', '朝阳-朝阳公园-丽水嘉园', 86.0, 2, 11500, 11500]
repeat 152 : ['整租·设计师广场 1室0厅 东南', '丰台-科技园区-设计师广场', 45.57, 1, 4200, 4200]
repeat 152 : ['整租·古城北路 2室1厅 南/北', '石景山-古城-古城北路', 43.96, 2, 4000, 4000]
repeat 152 : ['整租·宏大中园 2室1厅 南', '大兴-西红门-宏大中园', 89.99, 2, 5400, 5400]
repeat 169 : ['整租·华贸城 1室1厅 东', '朝阳-北苑-华贸城', 52.33, 1, 6800, 6800]
repeat 169 : ['整租·玉林里小区 2室1厅 南', '丰台-右安门外-玉林里小区', 81.76, 2, 7000, 7000]
repeat 169 : ['整租·东直门内南小街 1室1厅 南/北', '东城-东四-东直门内南小街', 30.0, 1, 5500, 5500]
repeat 169 : ['整租·玉林东里三区 2室1厅 南/北', '丰台-右安门外-玉林东里三区', 55.0, 2, 5300, 5300]
repeat 169 : ['整租·东板桥东巷 1室1厅 南', '东城-东四-东板桥东巷', 41.5, 1, 5600, 5600]
repeat 169 : ['整租·玉林里小区 1室1厅 东', '丰台-右安门外-玉林里小区', 46.84, 1, 4900, 4900]
repeat 169 : ['整租·沙滩后街55号院 1室1厅 南', '东城-东四-沙滩后街55号院', 32.22, 1, 5700, 5700]
repeat 169 : ['整租·信建里小区 3室1厅 东/南/北', '西城-右安门内-信建里小区', 102.5, 3, 9500, 9500]
repeat 169 : ['整租·万博苑 3室1厅 复式 南', '西城-右安门内-万博苑', 162.0, 3, 13800, 13800]
repeat 169 : ['整租·右安西里 2室1厅 南', '西城-右安门内-右安西里', 68.87, 2, 6500, 6500]
repeat 169 : ['整租·禄米仓胡同71号院 2室1厅 南/北', '东城-朝阳门内-禄米仓胡同71号院', 52.74, 2, 8500, 8500]
repeat 169 : ['整租·紫金印象 2室1厅 西', '西城-右安门内-紫金印象', 66.85, 2, 9000, 9000]
repeat 169 : ['整租·北京INN 1室1厅 西', '东城-朝阳门内-北京INN', 61.98, 1, 7100, 7100]
repeat 169 : ['整租·都市晴园 4室2厅 南/北', '西城-右安门内-都市晴园', 188.91, 4, 15600, 15600]
repeat 169 : ['整租·朝阳首府 2室1厅 西', '东城-朝阳门内-朝阳首府', 88.0, 2, 13500, 13500]
repeat 169 : ['整租·北河沿大街 1室1厅 南', '东城-灯市口-北河沿大街', 41.0, 1, 5900, 5900]
repeat 169 : ['整租·智德东巷 1室0厅 南', '东城-灯市口-智德东巷', 16.0, 1, 3500, 3500]
repeat 169 : ['整租·华侨村 4室2厅 南/北', '朝阳-建国门外-华侨村', 154.0, 4, 16000, 16000]
repeat 169 : ['整租·玉石胡同 1室1厅 南', '东城-灯市口-玉石胡同', 45.0, 1, 7000, 7000]
repeat 169 : ['整租·鸿安国际大厦 3室2厅 东/西', '东城-金宝街-鸿安国际大厦', 210.0, 3, 23000, 23000]
repeat 169 : ['整租·北总布胡同 2室1厅 南/北', '东城-建国门内-北总布胡同', 69.57, 2, 7200, 7200]
repeat 169 : ['整租·禾风仕家 3室1厅 东南', '东城-金宝街-禾风仕家', 80.43, 3, 24000, 24000]
repeat 169 : ['整租·大羊宜宾胡同31号院 2室1厅 南/北', '东城-建国门内-大羊宜宾胡同31号院', 57.67, 2, 6800, 6800]
repeat 169 : ['整租·华人一品大厦 2房间 南', '东城-东四-华人一品大厦', 41.0, 2, 5500, 5500]
repeat 169 : ['整租·唐缘私家别墅 2室1厅 东/西', '朝阳-朝阳门外-唐缘私家别墅', 132.0, 2, 20500, 20500]
repeat 169 : ['整租·天福园 2室1厅 东/西', '朝阳-朝阳门外-天福园', 52.66, 2, 5500, 5500]
repeat 169 : ['整租·三丰里小区 1室1厅 南', '朝阳-朝阳门外-三丰里小区', 42.44, 1, 7600, 7600]
repeat 169 : ['整租·长安6号 1室1厅 西南', '朝阳-建国门外-长安6号', 65.0, 1, 7000, 7000]
repeat 169 : ['整租·新金山公寓 1室0厅 西', '朝阳-朝阳门外-新金山公寓', 58.0, 1, 6300, 6300]
repeat 164 : ['整租·凯德锦绣 4室2厅 南/北', '朝阳-四惠-凯德锦绣', 168.0, 4, 25000, 25000]
repeat 164 : ['整租·京杭府 4室2厅 南/北', '通州-万达-京杭府', 263.88, 4, 20000, 20000]
repeat 164 : ['整租·葛洲坝北京紫郡兰园 3室1厅 南/北', '海淀-海淀北部新区-葛洲坝北京紫郡兰园', 89.0, 3, 6900, 6900]
repeat 164 : ['整租·朝凤山庄 5室2厅 复式 南/北', '昌平-昌平其它-朝凤山庄', 229.97, 5, 12000, 12000]
repeat 164 : ['整租·常楹公元 3室1厅 东/南/北', '朝阳-常营-常楹公元', 128.0, 3, 13500, 13500]
repeat 164 : ['整租·京铁和园 1室0厅 西', '西城-广安门-京铁和园', 37.0, 1, 6000, 6000]
repeat 164 : ['整租·金汉绿港三区 3室1厅 南/北', '顺义-顺义城-金汉绿港三区', 94.0, 3, 4900, 4900]
repeat 164 : ['整租·马家堡路23号院 1室1厅 南', '丰台-洋桥-马家堡路23号院', 48.0, 1, 3900, 3900]
repeat 164 : ['整租·金茂府南区 1房间 西', '朝阳-大望路-金茂府南区', 57.0, 1, 9100, 9100]
repeat 164 : ['整租·厂洼小区 2室1厅 南/北', '海淀-厂洼-厂洼小区', 61.0, 2, 8000, 8000]
repeat 164 : ['整租·天鹅湾北区 2室2厅 南', '朝阳-朝青-天鹅湾北区', 115.0, 2, 13800, 13800]
repeat 164 : ['整租·亚奥人家 2室1厅 南', '朝阳-健翔桥-亚奥人家', 115.0, 2, 11500, 11500]
repeat 164 : ['整租·溪城家园 2室1厅 南', '昌平-立水桥-溪城家园', 80.15, 2, 6900, 6900]
repeat 164 : ['整租·成府路20号院 2室1厅 北', '海淀-五道口-成府路20号院', 62.8, 2, 7600, 7600]
repeat 164 : ['整租·锋尚国际 1室1厅 北', '海淀-万柳-锋尚国际', 68.0, 1, 11000, 11000]
repeat 164 : ['整租·芳群园三区 2室1厅 南', '丰台-方庄-芳群园三区', 85.0, 2, 8200, 8200]
repeat 164 : ['整租·龙兴园南区 2室1厅 南/北', '昌平-回龙观-龙兴园南区', 100.0, 2, 7000, 7000]
repeat 164 : ['整租·熙旺中心 2房间 南/西南', '门头沟-滨河西区-熙旺中心', 126.0, 2, 7600, 7600]
repeat 164 : ['整租·北滨河路2号院 2室1厅 东', '西城-木樨地-北滨河路2号院', 62.0, 2, 10000, 10000]
repeat 164 : ['整租·马家堡西里 1室1厅 南', '丰台-马家堡-马家堡西里', 42.9, 1, 3800, 3800]
repeat 164 : ['整租·雍景四季 4室2厅 南/西/北', '石景山-苹果园-雍景四季', 189.0, 4, 14500, 14500]
repeat 164 : ['整租·国风北京 2室1厅 南/北', '朝阳-望京-国风北京', 121.24, 2, 12000, 12000]
repeat 164 : ['整租·金隅凤麟洲 1室0厅 东', '朝阳-朝青-金隅凤麟洲', 39.0, 1, 4800, 4800]
repeat 164 : ['整租·紫运中路28号院 2室1厅 南/北', '通州-通州其它-紫运中路28号院', 89.0, 2, 4800, 4800]
repeat 164 : ['整租·富强西里 1室1厅 南', '大兴-黄村中-富强西里', 42.0, 1, 3050, 3050]
repeat 164 : ['整租·金隅自由筑 2房间 南', '通州-临河里-金隅自由筑', 68.0, 2, 3200, 3200]
repeat 164 : ['整租·南湖渠西里 2室2厅 南/北', '朝阳-望京-南湖渠西里', 54.0, 2, 6600, 6600]
repeat 164 : ['整租·樱花园三区 3室1厅 南/北', '顺义-李桥-樱花园三区', 107.0, 3, 4000, 4000]
repeat 164 : ['整租·天娇园 1室1厅 西', '东城-东花市-天娇园', 36.01, 1, 5500, 5500]
repeat 164 : ['整租·苹果社区北区 1室0厅 南', '朝阳-双井-苹果社区北区', 59.16, 1, 7000, 7000]
repeat 187 : ['整租·芳群园三区 1室1厅 南', '丰台-方庄-芳群园三区', 48.0, 1, 5500, 5500]
repeat 187 : ['整租·中雅大厦 2室1厅 西/北', '海淀-军博-中雅大厦', 151.9, 2, 18000, 18000]
repeat 187 : ['整租·兴隆家园 2室1厅 东北', '朝阳-高碑店-兴隆家园', 75.49, 2, 7500, 7500]
repeat 187 : ['整租·枫丹丽舍 3室2厅 南/北', '海淀-西三旗-枫丹丽舍', 147.0, 3, 10500, 10500]
repeat 187 : ['整租·建安里小区 3室2厅 南/北', '昌平-东关-建安里小区', 104.97, 3, 4800, 4800]
repeat 187 : ['整租·青年公寓 1室1厅 南', '海淀-皂君庙-青年公寓', 41.22, 1, 5000, 5000]
repeat 187 : ['整租·澳洲康都 2室1厅 东南', '朝阳-望京-澳洲康都', 83.1, 2, 9500, 9500]
repeat 187 : ['整租·望京花园西区 2室1厅 西南', '朝阳-望京-望京花园西区', 84.37, 2, 8200, 8200]
repeat 187 : ['整租·五路通北街3号院 2室1厅 南/北', '西城-六铺炕-五路通北街3号院', 50.4, 2, 9500, 9500]
repeat 187 : ['整租·阿尔法社区 3室1厅 南/北', '通州-九棵树(家乐福)-阿尔法社区', 110.0, 3, 4800, 4800]
repeat 187 : ['整租·嘉园二里 3室1厅 南/北', '丰台-马家堡-嘉园二里', 78.44, 3, 7000, 7000]
repeat 187 : ['整租·芳草地西街 2室1厅 东/西', '朝阳-朝阳门外-芳草地西街', 69.08, 2, 8499, 8499]
repeat 187 : ['整租·丽泽景园 2室1厅 南/北', '丰台-丽泽-丽泽景园', 78.0, 2, 7000, 7000]
repeat 187 : ['整租·熙公馆 1房间 西', '丰台-青塔-熙公馆', 46.0, 1, 4300, 4300]
repeat 187 : ['整租·常楹公元自由派 2房间 南', '朝阳-常营-常楹公元自由派', 37.8, 2, 4500, 4500]
repeat 187 : ['整租·首邑上城 1室1厅 东', '大兴-枣园-首邑上城', 66.19, 1, 4000, 4000]
repeat 187 : ['整租·朝阳园 3室2厅 西南', '朝阳-朝青-朝阳园', 138.22, 3, 11500, 11500]
repeat 187 : ['整租·文慧园北路26号院 2室1厅 东/西/北', '海淀-小西天-文慧园北路26号院', 65.6, 2, 8000, 8000]
repeat 187 : ['整租·建清园 3室1厅 南/北', '海淀-学院路-建清园', 86.6, 3, 9000, 9000]
repeat 187 : ['整租·凯德锦绣 1室1厅 南', '朝阳-四惠-凯德锦绣', 74.0, 1, 12000, 12000]
repeat 187 : ['整租·工体西里 2室1厅 东', '朝阳-工体-工体西里', 50.19, 2, 7300, 7300]
repeat 187 : ['整租·龙华园 2室1厅 南/北', '昌平-回龙观-龙华园', 80.82, 2, 5900, 5900]
repeat 187 : ['整租·富丰园小区 2室1厅 东/西', '丰台-科技园区-富丰园小区', 62.0, 2, 4000, 4000]
repeat 187 : ['整租·樱花园 3室1厅 南/北', '朝阳-惠新西街-樱花园', 75.33, 3, 8600, 8600]
repeat 187 : ['整租·莲怡园一区 2室1厅 西', '丰台-六里桥-莲怡园一区', 70.71, 2, 5900, 5900]
repeat 187 : ['整租·长城国际 1室1厅 西', '通州-通州北苑-长城国际', 53.0, 1, 4300, 4300]
repeat 187 : ['整租·西黄城根南街一区 2室1厅 南/北', '西城-西单-西黄城根南街一区', 55.0, 2, 10000, 10000]
repeat 187 : ['整租·鸿业兴园一区 2室1厅 南/北', '丰台-玉泉营-鸿业兴园一区', 104.0, 2, 7300, 7300]
repeat 187 : ['整租·金隅景和园 2室1厅 南/北', '朝阳-东坝-金隅景和园', 77.0, 2, 5500, 5500]
repeat 187 : ['整租·北分厂 1室1厅 南', '海淀-海淀北部新区-北分厂', 40.0, 1, 5200, 5200]
delete(repeat&illegal) : 30244 | orignal 33270 remain 3026