repeat 1 : ['独栋·泊寓 立基公馆店 实惠精致户（独立厨房 开间', nan, '34.29-40.71', '1', 1819, 1879]
repeat 1 : ['整租·荣城北苑 2室2厅 南', '庐阳-林店-荣城北苑', '90.00', '2', 1500, 1500]
repeat 1 : ['整租·凤阳五村 3室2厅 南/北', '瑶海-三里街-凤阳五村', '110.41', '3', 2200, 2200]
repeat 1 : ['整租·舒城路13号 2室1厅 南', '庐阳-逍遥津-舒城路13号', '62.42', '2', 2300, 2300]
repeat 2 : ['整租·禹洲中央广场D区 3室2厅 南/北', '肥东-肥东-禹洲中央广场D区', '89.00', '3', 1500, 1500]
repeat 1 : ['独栋·合肥壹间公寓 城市主场店 精选阳光单间 1室1厅', nan, '48.09', '1', 1635, 1635]
repeat 1 : ['整租·龙湖瑶海天街 2室1厅 复式 南', '瑶海-龙岗-龙湖瑶海天街', '35.00', '2', 1500, 1500]
repeat 1 : ['独栋·合肥壹间公寓 城市主场店 精选温馨一居 1室1厅', nan, '48.09', '1', 1572, 1572]
repeat 1 : ['整租·祥源花世界 3室1厅 南', '肥西-肥西-祥源花世界', '93.51', '3', 1600, 1600]
repeat 1 : ['整租·祥源花世界 3室2厅 南', '肥西-肥西-祥源花世界', '130.00', '3', 1500, 1500]
repeat 1 : ['整租·滨湖新地城 2室1厅 南', '滨湖新区-滨湖世纪-滨湖新地城', '70.00', '2', 2000, 2000]
repeat 2 : ['整租·万科公园大道 3室1厅 南', '长丰-北城-万科公园大道', '89.94', '3', 1500, 1500]
repeat 1 : ['整租·东煌公寓 3室1厅 东南/北', '庐阳-杏林-东煌公寓', '140.33', '3', 2800, 2800]
repeat 1 : ['整租·天骄国际 3室1厅 南', '瑶海-胜利路-天骄国际', '97.00', '3', 2200, 2200]
repeat 118 : ['整租·大溪地天籁轩 3室1厅 西南', '蜀山-西园-大溪地天籁轩', '92.74', '3', 3000, 3000]
repeat 1 : ['整租·安粮中心 3室2厅 南/北', '包河-工业园-安粮中心', '125.20', '3', 2800, 2800]
repeat 1 : ['整租·阜阳北路77号 3室1厅 南', '庐阳-双岗-阜阳北路77号', '78.00', '3', 23000, 23000]
repeat 1 : ['整租·上园 3室1厅 南/北', '肥西-肥西-上园', '85.00', '3', 1500, 1500]
repeat 1 : ['整租·滨湖世纪城振徽苑 4室2厅 南', '滨湖新区-滨湖世纪-滨湖世纪城振徽苑', '146.39', '4', 3000, 3000]
repeat 1 : ['整租·招商雍华府 2室1厅 北', '滨湖新区-方兴-招商雍华府', '48.80', '2', 1600, 1600]
repeat 1 : ['整租·万达揽湖苑 2室1厅 南', '滨湖新区-环湖CBD-万达揽湖苑', '76.99', '2', 2000, 2000]
repeat 1 : ['整租·新港家园 1室1厅 南', '肥西-肥西-新港家园', '60.00', '1', 1200, 1200]
repeat 1 : ['整租·滨湖新地城 2室1厅 南', '滨湖新区-滨湖世纪-滨湖新地城', '82.00', '2', 2061, 2061]
repeat 1 : ['整租·阜阳北路生活小区 2室1厅 南', '庐阳-杏林-阜阳北路生活小区', '63.23', '2', 1200, 1200]
repeat 1 : ['整租·远洋万和云锦 3室1厅 南/北', '肥东-肥东-远洋万和云锦', '121.00', '3', 600, 600]
repeat 150 : ['整租·吉徽苑 3室1厅 南/北', '长丰-北城-吉徽苑', '93.00', '3', 500, 500]
repeat 1 : ['整租·灯塔家园二期 2室2厅 南', '肥西-肥西-灯塔家园二期', '94.00', '2', 1400, 1400]
repeat 1 : ['整租·西湖国际广场 2室0厅 南', '蜀山-稻香村-西湖国际广场', '132.00', '2', 4400, 4400]
repeat 1 : ['整租·力高共和城 2室1厅 南', '长丰-北城-力高共和城', '79.00', '2', 800, 800]
repeat 1 : ['整租·安庆路282号 2室1厅 南', '庐阳-三孝口-安庆路282号', '75.75', '2', 2800, 2800]
repeat 1 : ['整租·金大地禧悦公馆 3室2厅 南', '长丰-北城-金大地禧悦公馆', '110.76', '3', 850, 850]
repeat 1 : ['整租·方兴桃园 3室2厅 南/北', '肥西-锦绣-方兴桃园', '105.00', '3', 2200, 2200]
repeat 1 : ['整租·磨店拓基广场 2室1厅 东', '新站-磨店-磨店拓基广场', '36.43', '2', 1300, 1300]
repeat 1 : ['整租·金大地禧悦公馆 3室1厅 南', '长丰-北城-金大地禧悦公馆', '103.14', '3', 1000, 1000]
repeat 1 : ['整租·大众巷 2室1厅 南/北', '庐阳-三孝口-大众巷', '46.74', '2', 1400, 1400]
repeat 1 : ['整租·文一锦门北韵 3室2厅 南', '长丰-北城-文一锦门北韵', '110.35', '3', 1600, 1600]
repeat 1 : ['整租·六安路45号 1室1厅 东', '庐阳-三孝口-六安路45号', '29.00', '1', 1500, 1500]
repeat 1 : ['整租·国耀花半里 1室1厅 北', '经开-芙蓉-国耀花半里', '39.19', '1', 1800, 1800]
repeat 1 : ['整租·蜀山新村 2室1厅 南', '蜀山-琥珀-蜀山新村', '50.00', '2', 2500, 2500]
repeat 1 : ['整租·西园新村 2室1厅 南', '蜀山-三里庵-西园新村', '68.00', '2', 2000, 2000]
repeat 1 : ['整租·龙凤嘉园一期 3室2厅 南/北', '蜀山-井岗镇-龙凤嘉园一期', '100.00', '3', 2300, 2300]
repeat 1 : ['整租·隆昊昊天园 3室1厅 南', '新站-七里塘-隆昊昊天园', '103.00', '3', 1900, 1900]
repeat 1 : ['整租·国光万豪广场 1室0厅 南', '庐阳-双岗-国光万豪广场', '113.00', '1', 9500, 9500]
repeat 1 : ['整租·恒基旭辉铂悦天汇 4室2厅 南', '滨湖新区-方兴-恒基旭辉铂悦天汇', '150.00', '4', 3500, 3500]
repeat 1 : ['整租·宝能城二期 3室2厅 南', '滨湖新区-环湖CBD-宝能城二期', '87.64', '3', 2800, 2800]
repeat 1 : ['整租·绿地海德公馆二期 4室2厅 南/北', '肥西-长安-绿地海德公馆二期', '127.90', '4', 3200, 3200]
repeat 1 : ['整租·铜陵新村 2室1厅 南', '瑶海-铜陵路-铜陵新村', '60.00', '2', 1000, 1000]
repeat 1 : ['整租·朗峰大厦 1室1厅 南', '庐阳-海棠-朗峰大厦', '57.69', '1', 3000, 3000]
repeat 1 : ['整租·旭辉滨湖江来 4室1厅 南', '肥西-肥西-旭辉滨湖江来', '107.00', '4', 1700, 1700]
repeat 1 : ['整租·禹洲华侨城三期荷园 2室2厅 南', '肥西-染坊-禹洲华侨城三期荷园', '75.70', '2', 1550, 1550]
repeat 1 : ['整租·亲亲家园 3室2厅 南', '蜀山-五里墩-亲亲家园', '141.00', '3', 2900, 2900]
repeat 1 : ['整租·龙湖丽丰西宸原著 4室2厅 南/北', '蜀山-新产业园-龙湖丽丰西宸原著', '251.00', '4', 2000, 2000]
repeat 1 : ['整租·联合一村 3室2厅 南/北', '庐阳-双岗-联合一村', '137.00', '3', 2700, 2700]
repeat 1 : ['整租·高压开关厂宿舍 2室1厅 南/北', '包河-包公-高压开关厂宿舍', '59.00', '2', 1500, 1500]
repeat 1 : ['整租·中海城 3室2厅 南/北', '肥东-肥东-中海城', '134.07', '3', 2100, 2100]
repeat 1 : ['整租·融创城融福园 3室2厅 南/东北', '经开-芙蓉-融创城融福园', '110.00', '3', 3200, 3200]
repeat 1 : ['整租·龙凤嘉园一期 2室2厅 南/北', '蜀山-井岗镇-龙凤嘉园一期', '88.71', '2', 2300, 2300]
repeat 1 : ['整租·中翔商业中心 20室9厅 南/北', '滨湖新区-滨湖世纪-中翔商业中心', '1200.00', '2', 24000, 24000]
repeat 1 : ['整租·高速时代御府（芳园） 3室2厅 南', '肥西-肥西-高速时代御府（芳园）', '103.00', '3', 1550, 1550]
repeat 1 : ['整租·北城中环城 3室2厅 南/北', '长丰-北城-北城中环城', '80.00', '3', 600, 600]
repeat 2 : ['整租·元一柏庄 3室2厅 南', '包河-周谷堆-元一柏庄', '106.00', '3', 2300, 2300]
repeat 2 : ['整租·铂金汉宫 2室2厅 南', '包河-包公-铂金汉宫', '50.00', '2', 2600, 2600]
repeat 2 : ['整租·公园天著 3室1厅 南', '瑶海-大兴镇-公园天著', '94.79', '3', 2100, 2100]
repeat 2 : ['整租·祥源城湖山小筑 1室1厅 北', '高新-长宁-祥源城湖山小筑', '47.52', '1', 1850, 1850]
repeat 2 : ['整租·恒泰阿奎利亚北区 2室1厅 南', '长丰-北城-恒泰阿奎利亚北区', '82.00', '2', 1300, 1300]
repeat 2 : ['整租·美的·金科郡 3室2厅 南', '新站-磨店-美的·金科郡', '95.00', '3', 1900, 1900]
repeat 1 : ['整租·琥珀名城沁园 1室1厅 南', '瑶海-龙岗-琥珀名城沁园', '72.00', '1', 1600, 1600]
repeat 1 : ['整租·旭辉滨湖江来 2室2厅 南', '肥西-肥西-旭辉滨湖江来', '92.00', '2', 1500, 1500]
repeat 1 : ['整租·南园新村 2室1厅 南', '包河-芜湖路-南园新村', '72.60', '2', 1600, 1600]
repeat 1 : ['整租·灯塔家园二期 2室2厅 南', '肥西-肥西-灯塔家园二期', '95.00', '2', 1400, 1400]
repeat 1 : ['整租·琥珀五环城和雅阁 2室1厅 南', '政务-荷叶地-琥珀五环城和雅阁', '78.42', '2', 2400, 2400]
repeat 1 : ['整租·玖方广场 1室0厅 北', '肥西-黄小-玖方广场', '60.00', '1', 1600, 1600]
repeat 1 : ['整租·青年路小学宿舍 3室2厅 南', '包河-包公-青年路小学宿舍', '88.48', '3', 2400, 2400]
repeat 1 : ['整租·澳澜宝邸 3室2厅 南', '瑶海-胜利路-澳澜宝邸', '128.77', '3', 2600, 2600]
repeat 1 : ['整租·光明观澜公馆 3室2厅 南', '肥西-长安-光明观澜公馆', '105.04', '3', 2800, 2800]
repeat 1 : ['整租·奥园城央壹品 1室1厅 东南', '蜀山-稻香村-奥园城央壹品', '46.06', '1', 2200, 2200]
repeat 1 : ['整租·文昌雅居 3室2厅 南', '包河-周谷堆-文昌雅居', '90.00', '3', 2000, 2000]
repeat 1 : ['整租·南丽湾 2室2厅 南', '包河-工业园-南丽湾', '83.49', '2', 2300, 2300]
repeat 1 : ['整租·文一云河湾 1室1厅 西', '瑶海-龙岗-文一云河湾', '79.16', '1', 2600, 2600]
repeat 1 : ['整租·汇林园 2室1厅 南', '经开-莲花-汇林园', '81.57', '2', 1700, 1700]
repeat 1 : ['整租·蓝山CBD 1室0厅 东南', '滨湖新区-方兴-蓝山CBD', '110.00', '1', 6000, 6000]
repeat 1 : ['整租·家天下二期 3室2厅 南', '新站-七里塘-家天下二期', '88.00', '3', 2600, 2600]
repeat 1 : ['整租·金大地1912 2室1厅 东南', '蜀山-南七-金大地1912', '56.62', '2', 2800, 2800]
repeat 1 : ['整租·玖方广场 1室0厅 南', '肥西-黄小-玖方广场', '38.00', '1', 800, 800]
repeat 1 : ['整租·中环城国际公寓 2室2厅 北', '经开-芙蓉-中环城国际公寓', '62.92', '2', 2400, 2400]
repeat 1 : ['整租·光明府 4室2厅 南', '肥西-肥西-光明府', '124.00', '4', 900, 900]
repeat 1 : ['整租·玖方广场 1室0厅 南', '肥西-黄小-玖方广场', '73.99', '1', 1800, 1800]
repeat 1 : ['整租·华润万橡府 4室2厅 南', '新站-磨店-华润万橡府', '121.72', '4', 1800, 1800]
repeat 1 : ['整租·信旺九华国际 1室1厅 南', '包河-芜湖路-信旺九华国际', '51.78', '1', 1600, 1600]
repeat 1 : ['整租·皖投天下名筑 3室2厅 南', '庐阳-林店-皖投天下名筑', '96.00', '3', 1800, 1800]
repeat 1 : ['整租·万达银座 1室1厅 东南', '滨湖新区-环湖CBD-万达银座', '100.00', '1', 3801, 3801]
repeat 1 : ['整租·华润紫玥台 3室2厅 南', '肥东-肥东-华润紫玥台', '103.00', '3', 1500, 1500]
repeat 1 : ['整租·滨湖世纪城徽昌苑 2室2厅 南', '滨湖新区-滨湖世纪-滨湖世纪城徽昌苑', '91.00', '2', 2300, 2300]
repeat 1 : ['整租·荣城北苑 2室1厅 南', '庐阳-林店-荣城北苑', '72.00', '2', 1700, 1700]
repeat 1 : ['整租·绿地柏仕公馆 3室2厅 南', '新站-东站-绿地柏仕公馆', '109.00', '3', 1900, 1900]
repeat 1 : ['整租·高速时代御府（妙园） 3室2厅 南', '肥西-肥西-高速时代御府（妙园）', '142.00', '3', 1800, 1800]
repeat 1 : ['整租·南园新村 2室1厅 南', '包河-芜湖路-南园新村', '58.93', '2', 1800, 1800]
repeat 1 : ['整租·岚翠苑 3室2厅 南/北', '高新-天乐-岚翠苑', '142.18', '3', 4000, 4000]
repeat 1 : ['整租·岸上玫瑰 3室2厅 南', '政务-笔架山-岸上玫瑰', '92.00', '3', 2800, 2800]
repeat 1 : ['整租·南空花园小区 2室2厅 南/北', '肥西-桃花工业园-南空花园小区', '92.00', '2', 1900, 1900]
repeat 1 : ['整租·畅园新村 2室1厅 南', '庐阳-亳州-畅园新村', '67.63', '2', 2000, 2000]
repeat 1 : ['整租·武里山天街 2室1厅 复式 北', '新站-七里塘-武里山天街', '39.50', '2', 2100, 2100]
repeat 1 : ['整租·融创滨湖印 4室2厅 南', '滨湖新区-方兴-融创滨湖印', '149.00', '4', 7500, 7500]
repeat 1 : ['整租·南翔茗座 1室1厅 北', '包河-工业园-南翔茗座', '69.00', '1', 900, 900]
repeat 1 : ['整租·东海星城 3室2厅 南', '经开-莲花-东海星城', '112.45', '3', 3000, 3000]
repeat 1 : ['整租·华裕家园 3室2厅 南', '瑶海-和平路-华裕家园', '126.00', '3', 2600, 2600]
repeat 1 : ['整租·滨湖世纪城徽昌苑 2室2厅 南', '滨湖新区-滨湖世纪-滨湖世纪城徽昌苑', '90.90', '2', 2200, 2200]
repeat 1 : ['整租·信达天御荔枝公馆 1室1厅 南', '包河-常青-信达天御荔枝公馆', '54.00', '1', 2300, 2300]
repeat 1 : ['整租·金成港湾 2室2厅 南', '新站-七里塘-金成港湾', '90.00', '2', 1800, 1800]
repeat 1 : ['整租·东方蓝海 3室1厅 南/北', '滨湖新区-环湖CBD-东方蓝海', '92.77', '3', 2600, 2600]
repeat 1 : ['整租·报业园 2室1厅 东', '经开-芙蓉-报业园', '75.25', '2', 1750, 1750]
repeat 1 : ['整租·仕嘉名苑 2室1厅 东', '包河-芜湖路-仕嘉名苑', '90.00', '2', 2800, 2800]
repeat 1 : ['整租·王大郢家园欣苑 2室2厅 南', '包河-周谷堆-王大郢家园欣苑', '85.00', '2', 2000, 2000]
repeat 1 : ['整租·瑞泰城市家园 3室1厅 南', '瑶海-龙岗-瑞泰城市家园', '90.00', '3', 2000, 2000]
repeat 1 : ['整租·梅山路21号 2室1厅 南', '蜀山-三里庵-梅山路21号', '62.24', '2', 1750, 1750]
repeat 1 : ['整租·银成公寓 3室1厅 南', '庐阳-逍遥津-银成公寓', '106.00', '3', 3000, 3000]
repeat 1 : ['整租·锦绣首玺 3室1厅 南', '滨湖新区-方兴-锦绣首玺', '123.72', '3', 3200, 3200]
repeat 1 : ['整租·禹洲华侨城三期荷园 3室1厅 南', '肥西-染坊-禹洲华侨城三期荷园', '106.00', '3', 2700, 2700]
repeat 1 : ['整租·西园新村 3室1厅 南', '蜀山-三里庵-西园新村', '62.71', '3', 2250, 2250]
repeat 1 : ['整租·力高柏林春天 2室2厅 南', '包河-包公-力高柏林春天', '83.99', '2', 2500, 2500]
repeat 1 : ['整租·绿地御徽 4室2厅 南/北', '包河-常青-绿地御徽', '132.24', '4', 4800, 4800]
repeat 1 : ['整租·华地润园 3室2厅 南', '经开-莲花-华地润园', '89.00', '3', 2800, 2800]
repeat 1 : ['整租·斌锋当代府MOMΛ 3室1厅 南', '肥东-龙岗-斌锋当代府MOMΛ', '88.00', '3', 1100, 1100]
repeat 1 : ['整租·阿奎利亚城果 3室1厅 南/北', '长丰-北城-阿奎利亚城果', '100.00', '3', 1400, 1400]
repeat 1 : ['整租·合作经济广场 3室1厅 南', '庐阳-三孝口-合作经济广场', '85.81', '3', 5800, 5800]
repeat 1 : ['整租·绿地国际花都蓝蝶苑  2室1厅 南', '政务-笔架山-绿地国际花都蓝蝶苑', '87.00', '2', 3000, 3000]
repeat 1 : ['整租·七桂塘步行街 1室1厅 南', '庐阳-三孝口-七桂塘步行街', '37.33', '1', 1580, 1580]
repeat 1 : ['整租·文一名门湖畔 3室1厅 南/北', '庐阳-四里河-文一名门湖畔', '78.12', '3', 3600, 3600]
repeat 1 : ['整租·中海九樾 3室1厅 南', '滨湖新区-烟墩-中海九樾', '101.29', '3', 3600, 3600]
repeat 1 : ['整租·北辰天都 2室2厅 南', '长丰-北城-北辰天都', '86.56', '2', 1400, 1400]
repeat 1 : ['整租·淝滨路16号 2室1厅 南/北', '瑶海-胜利路-淝滨路16号', '69.30', '2', 1200, 1200]
repeat 1 : ['整租·望湖城桂香居月桂苑 3室2厅 南', '包河-望湖-望湖城桂香居月桂苑', '130.00', '3', 2500, 2500]
repeat 1 : ['整租·雅徽苑 4室2厅 南', '长丰-北城-雅徽苑', '131.00', '4', 1700, 1700]
repeat 1 : ['整租·龙湖龙誉城 3室2厅 南', '肥东-肥东-龙湖龙誉城', '120.00', '3', 1200, 1200]
repeat 1 : ['整租·大摩华尔街生活广场 1室1厅 南', '包河-望湖-大摩华尔街生活广场', '39.97', '1', 1700, 1700]
repeat 1 : ['整租·华南城紫荆名都二期沁园 3室2厅 南', '肥西-肥西-华南城紫荆名都二期沁园', '109.00', '3', 2000, 2000]
repeat 1 : ['整租·大众巷 2室1厅 南/北', '庐阳-三孝口-大众巷', '59.24', '2', 1800, 1800]
repeat 5 : ['整租·中科中涣宿舍 1室1厅 南', '肥西-染坊-中科中涣宿舍', '30.00', '1', 1280, 1280]
repeat 18 : ['整租·中科中涣宿舍 1室1厅 北', '肥西-染坊-中科中涣宿舍', '30.00', '1', 1230, 1230]
repeat 1 : ['整租·龙湖龙誉中心 1室1厅 南', '肥东-大兴镇-龙湖龙誉中心', '43.63', '1', 7000, 7000]
repeat 1 : ['整租·商务厅职工宿舍 2室1厅 南', '包河-包公-商务厅职工宿舍', '52.11', '2', 1400, 1400]
repeat 1 : ['整租·雍荣府 3室2厅 南', '包河-淝河镇-雍荣府', '128.33', '3', 1200, 1200]
repeat 1 : ['整租·旭辉滨湖江来 3室2厅 南', '肥西-肥西-旭辉滨湖江来', '106.84', '3', 1800, 1800]
repeat 1 : ['整租·恒泰阿奎利亚北区 2室2厅 南/北', '长丰-北城-恒泰阿奎利亚北区', '82.72', '2', 1600, 1600]
repeat 1 : ['整租·大摩华尔街生活广场 1室1厅 南', '包河-望湖-大摩华尔街生活广场', '71.46', '1', 2100, 2100]
repeat 1 : ['整租·岭湖墅 5室3厅 南', '高新-蜀麓-岭湖墅', '246.00', '5', 9000, 9000]
repeat 1 : ['整租·金云国际 2室1厅 南', '肥西-新港-金云国际', '94.00', '2', 1000, 1000]
repeat 1 : ['整租·力高君御世家 3室2厅 南/北', '新站-七里塘-力高君御世家', '95.83', '3', 1900, 1900]
repeat 1 : ['整租·体育局宿舍 2室1厅 南', '庐阳-逍遥津-体育局宿舍', '68.73', '2', 1700, 1700]
repeat 1 : ['整租·蓝光林肯公园 3室2厅 南/北', '新站-东站-蓝光林肯公园', '133.12', '3', 1800, 1800]
repeat 1 : ['整租·宝业城市绿苑西区 1室1厅 南', '瑶海-和平路-宝业城市绿苑西区', '39.67', '1', 1400, 1400]
repeat 2 : ['整租·力天大厦 1室1厅 南', '瑶海-明光路-力天大厦', '52.25', '1', 1350, 1350]
repeat 2 : ['整租·中环CBD 1室1厅 南', '经开-芙蓉-中环CBD', '46.92', '1', 2000, 2000]
repeat 2 : ['整租·张郢小区（二区） 2室2厅 南', '肥西-肥西-张郢小区（二区）', '93.00', '2', 1600, 1600]
repeat 2 : ['整租·九珑湾 3室2厅 南', '包河-工业园-九珑湾', '106.00', '3', 2600, 2600]
repeat 1 : ['整租·融侨天骏 3室1厅 南', '政务-笔架山-融侨天骏', '87.81', '3', 3300, 3300]
repeat 1 : ['整租·浅水湾 3室2厅 南', '政务-荷叶地-浅水湾', '98.76', '3', 3300, 3300]
repeat 1 : ['合租·世茂翡翠首府 5居室 北卧', '经开-芙蓉-世茂翡翠首府', '20.00', '5', 680, 680]
repeat 1 : ['整租·中梁世茂十里晴川 3室2厅 南', '长丰-长丰-中梁世茂十里晴川', '100.00', '3', 600, 600]
repeat 1 : ['整租·金地国际城 1室1厅 东', '包河-周谷堆-金地国际城', '43.67', '1', 1500, 1500]
repeat 1 : ['整租·旭辉御府 3室2厅 南', '滨湖新区-烟墩-旭辉御府', '95.26', '3', 2300, 2300]
repeat 1 : ['整租·武里山天街 2室2厅 南', '新站-七里塘-武里山天街', '120.00', '2', 2600, 2600]
repeat 1 : ['整租·金大地时代天街 2室1厅 北', '经开-莲花-金大地时代天街', '59.77', '2', 2500, 2500]
repeat 1 : ['整租·百乐门广场 2室1厅 南', '经开-莲花-百乐门广场', '72.00', '2', 2200, 2200]
repeat 1 : ['整租·金枫苑 4室2厅 南/北', '蜀山-西园-金枫苑', '148.72', '4', 3400, 3400]
repeat 1 : ['整租·保利梧桐语 3室2厅 南', '高新-蜀麓-保利梧桐语', '94.26', '3', 2800, 2800]
repeat 1 : ['整租·香港广场 1室1厅 东', '庐阳-逍遥津-香港广场', '300.00', '1', 8800, 8800]
repeat 1 : ['整租·宁国新村 3室1厅 南/北', '包河-包公-宁国新村', '82.18', '3', 2000, 2000]
repeat 1 : ['整租·安徽省临淮岗洪水控制工程管理局 2室1厅 南', '高新-兴园-安徽省临淮岗洪水控制工程管理局', '65.00', '2', 1900, 1900]
repeat 1 : ['整租·中街水晶城 2室1厅 南', '肥西-肥西-中街水晶城', '83.83', '2', 1500, 1500]
repeat 1 : ['整租·家天下三期 3室2厅 南', '新站-七里塘-家天下三期', '87.76', '3', 2600, 2600]
repeat 1 : ['整租·华鼎华馨苑 2室1厅 南', '庐阳-海棠-华鼎华馨苑', '84.45', '2', 1800, 1800]
repeat 1 : ['整租·南巷恢复楼 2室1厅 东/西', '肥东-肥东-南巷恢复楼', '80.19', '2', 1200, 1200]
repeat 1 : ['整租·合肥云谷智慧金融城 7室0厅 南', '滨湖新区-烟墩-合肥云谷智慧金融城', '165.00', '7', 5800, 5800]
repeat 1 : ['整租·文一名门名城 1室1厅 南', '瑶海-龙岗-文一名门名城', '33.94', '1', 1100, 1100]
repeat 1 : ['整租·来安新村 2室1厅 南', '瑶海-三里街-来安新村', '62.28', '2', 1400, 1400]
repeat 1 : ['整租·信达庐阳府 4室2厅 东', '庐阳-林店-信达庐阳府', '115.82', '4', 2300, 2300]
repeat 1 : ['整租·武里山天街 1室1厅 南', '新站-七里塘-武里山天街', '40.00', '1', 1500, 1500]
repeat 1 : ['整租·铂金汉宫 2室2厅 西', '包河-包公-铂金汉宫', '50.86', '2', 2000, 2000]
repeat 1 : ['整租·上园 3室2厅 南', '肥西-肥西-上园', '89.30', '3', 1900, 1900]
repeat 1 : ['整租·正荣悦都荟 4室1厅 北', '新站-磨店-正荣悦都荟', '119.70', '4', 2000, 2000]
repeat 1 : ['整租·大众巷 2室1厅 南', '庐阳-三孝口-大众巷', '48.00', '2', 1400, 1400]
repeat 1 : ['整租·绿地柏仕公园 1室1厅 南/北', '新站-东站-绿地柏仕公园', '45.86', '1', 1300, 1300]
repeat 1 : ['整租·报业园 2室2厅 南/北', '经开-芙蓉-报业园', '110.98', '2', 2550, 2550]
repeat 1 : ['整租·水木春城 4室2厅 南', '庐阳-四里河-水木春城', '157.25', '4', 2700, 2700]
repeat 1 : ['合租·凉亭小区 1居室 南卧', '肥西-肥西-凉亭小区', '16.00', '1', 650, 650]
repeat 1 : ['整租·元一柏庄 3室2厅 南', '包河-周谷堆-元一柏庄', '130.60', '3', 3500, 3500]
repeat 1 : ['整租·世纪中心 2室1厅 南', '庐阳-双岗-世纪中心', '90.00', '2', 2600, 2600]
repeat 1 : ['整租·融科城融和园 3室2厅 南', '经开-芙蓉-融科城融和园', '96.06', '3', 3000, 3000]
repeat 1 : ['整租·博微家园 2室2厅 南', '蜀山-五里墩-博微家园', '90.00', '2', 1900, 1900]
repeat 1 : ['整租·瑶海万达广场 1室1厅 南', '瑶海-方庙-瑶海万达广场', '38.00', '1', 1450, 1450]
repeat 1 : ['整租·荣城北苑 2室1厅 南', '庐阳-林店-荣城北苑', '65.10', '2', 1750, 1750]
repeat 1 : ['整租·创景花园 3室2厅 南/北', '包河-芜湖路-创景花园', '146.87', '3', 4600, 4600]
repeat 1 : ['整租·金色梧桐 3室1厅 南', '瑶海-胜利路-金色梧桐', '124.00', '3', 3000, 3000]
repeat 1 : ['整租·万达银座 1室1厅 南/北', '滨湖新区-环湖CBD-万达银座', '500.00', '1', 20000, 20000]
repeat 1 : ['整租·广和花园 2室1厅 南', '瑶海-大兴镇-广和花园', '83.77', '2', 1900, 1900]
repeat 1 : ['整租·海洲景秀世家 3室2厅 南', '瑶海-龙岗-海洲景秀世家', '110.00', '3', 1750, 1750]
repeat 1 : ['整租·远洋庐玥风景 4室2厅 南', '肥东-肥东-远洋庐玥风景', '202.49', '4', 600, 600]
repeat 1 : ['整租·皖投国滨世家 3室2厅 南', '肥西-肥西-皖投国滨世家', '113.00', '3', 2000, 2000]
repeat 1 : ['整租·淮河路365号 3室1厅 南', '庐阳-三孝口-淮河路365号', '68.00', '3', 1700, 1700]
repeat 1 : ['整租·淮矿和平盛世  1室1厅 南', '瑶海-明光路-淮矿和平盛世', '60.00', '1', 1750, 1750]
repeat 1 : ['整租·南空花园小区 3室1厅 南', '肥西-桃花工业园-南空花园小区', '98.00', '3', 2200, 2200]
repeat 1 : ['整租·蔚蓝商务港 1室0厅 北', '政务-荷叶地-蔚蓝商务港', '220.00', '1', 15400, 15400]
repeat 1 : ['整租·中街水晶城 2室1厅 南/北', '肥西-肥西-中街水晶城', '81.00', '2', 1900, 1900]
repeat 1 : ['整租·寿春路200号 2室1厅 东', '庐阳-逍遥津-寿春路200号', '65.25', '2', 3000, 3000]
repeat 1 : ['整租·奥园城央壹品 1室1厅 南', '蜀山-稻香村-奥园城央壹品', '46.00', '1', 2200, 2200]
repeat 1 : ['整租·安高城市天地 2室2厅 南', '蜀山-稻香村-安高城市天地', '90.23', '2', 2600, 2600]
repeat 1 : ['整租·窦小桥 2室1厅 南', '庐阳-双岗-窦小桥', '61.50', '2', 1500, 1500]
repeat 1 : ['整租·文一名门绿洲 3室2厅 南', '肥西-繁华新园-文一名门绿洲', '87.00', '3', 2200, 2200]
repeat 1 : ['整租·皖新朗诗绿郡 1室1厅 南/北', '滨湖新区-环湖CBD-皖新朗诗绿郡', '54.29', '1', 2600, 2600]
repeat 1 : ['整租·金科博翠天辰 4室2厅 南', '包河-工业园-金科博翠天辰', '146.00', '4', 3200, 3200]
repeat 1 : ['整租·喻苑新村 2室1厅 南', '瑶海-胜利路-喻苑新村', '60.00', '2', 1000, 1000]
repeat 1 : ['整租·蓝鼎星河府 3室2厅 南', '包河-周谷堆-蓝鼎星河府', '104.42', '3', 3200, 3200]
repeat 1 : ['整租·青年新苑C区 2室1厅 南/北', '包河-包公-青年新苑C区', '70.00', '2', 2400, 2400]
repeat 1 : ['整租·第四医院宿舍 2室1厅 南', '蜀山-三里庵-第四医院宿舍', '55.00', '2', 2500, 2500]
repeat 1 : ['整租·庙东街4号 2室1厅 南', '庐阳-三孝口-庙东街4号', '58.29', '2', 5500, 5500]
repeat 1 : ['整租·当代MOMA 1室0厅 南/西南', '政务-南七-当代MOMA', '27.36', '1', 550, 550]
repeat 1 : ['整租·金隅大成郡 3室2厅 南', '包河-淝河镇-金隅大成郡', '99.40', '3', 3200, 3200]
repeat 149 : ['整租·华盛格林雅地 3室2厅 南', '包河-工业园-华盛格林雅地', '118.45', '3', 3000, 3000]
repeat 149 : ['整租·文一云河湾 2室1厅 南', '瑶海-龙岗-文一云河湾', '76.11', '2', 1600, 1600]
repeat 149 : ['整租·大富绿洲 2室1厅 南/北', '庐阳-杏林-大富绿洲', '92.00', '2', 1650, 1650]
repeat 149 : ['整租·宝利丰广场 1室1厅 南', '包河-包公-宝利丰广场', '44.15', '1', 1800, 1800]
repeat 149 : ['整租·华冶嘉誉 1室1厅 北', '滨湖新区-烟墩-华冶嘉誉', '57.28', '1', 2000, 2000]
repeat 149 : ['整租·恒泰阿奎利亚北区 4室2厅 南', '长丰-北城-恒泰阿奎利亚北区', '144.00', '4', 1600, 1600]
repeat 149 : ['合租·禹洲天玺 1居室 南卧', '肥西-繁华新园-禹洲天玺', '30.00', '1', 800, 800]
repeat 149 : ['整租·七桂塘步行街 2室1厅 南', '庐阳-三孝口-七桂塘步行街', '51.56', '2', 1600, 1600]
repeat 149 : ['整租·金地雅苑 3室2厅 南', '长丰-北城-金地雅苑', '102.00', '3', 1400, 1400]
repeat 149 : ['整租·云顶雅苑 2室2厅 东南', '庐阳-林店-云顶雅苑', '100.00', '2', 1500, 1500]
repeat 149 : ['整租·皖投万科产融中心 3室2厅 南', '经开-海恒-皖投万科产融中心', '118.00', '3', 3000, 3000]
repeat 149 : ['整租·中环城国际公寓 2室2厅 东', '经开-芙蓉-中环城国际公寓', '61.82', '2', 2200, 2200]
repeat 149 : ['整租·森林海花园 1室1厅 南', '政务-笔架山-森林海花园', '63.00', '1', 2000, 2000]
repeat 149 : ['整租·万科未来之光 3室1厅 南', '肥东-肥东-万科未来之光', '92.00', '3', 2300, 2300]
repeat 149 : ['整租·光明苑南区 2室1厅 南', '蜀山-西园-光明苑南区', '58.20', '2', 2000, 2000]
repeat 149 : ['整租·亲湖苑C区 4室2厅 东南', '滨湖新区-环湖CBD-亲湖苑C区', '140.08', '4', 1000, 1000]
repeat 149 : ['整租·滨湖康园北区 3室1厅 南', '滨湖新区-方兴-滨湖康园北区', '104.03', '3', 2000, 2000]
repeat 149 : ['整租·国光万豪广场 2室2厅 南', '庐阳-双岗-国光万豪广场', '100.00', '2', 2100, 2100]
repeat 149 : ['整租·皖江村 2室1厅 南', '新站-七里塘-皖江村', '79.08', '2', 1400, 1400]
repeat 149 : ['整租·万科时代之光 3室2厅 南', '滨湖新区-方兴-万科时代之光', '116.09', '3', 3500, 3500]
repeat 149 : ['整租·无为路 3室1厅 南', '庐阳-逍遥津-无为路', '88.00', '3', 3000, 3000]
repeat 149 : ['整租·淮河路441号 2室1厅 南', '庐阳-三孝口-淮河路441号', '50.67', '2', 2000, 2000]
repeat 149 : ['整租·百商悦澜山 3室2厅 南/北', '高新-兴园-百商悦澜山', '99.43', '3', 3500, 3500]
repeat 149 : ['整租·瑞泰江南 2室2厅 南/西', '瑶海-龙岗-瑞泰江南', '79.36', '2', 1700, 1700]
repeat 149 : ['整租·淮南新村 1室1厅 南', '瑶海-三里街-淮南新村', '32.79', '1', 980, 980]
repeat 149 : ['整租·电气工程学院宿舍 3室2厅 南', '蜀山-三里庵-电气工程学院宿舍', '81.59', '3', 2300, 2300]
repeat 149 : ['整租·文一名门首府 3室2厅 南', '政务-兴园-文一名门首府', '105.74', '3', 3000, 3000]
repeat 149 : ['整租·泽徽苑 3室1厅 南', '长丰-北城-泽徽苑', '97.00', '3', 1400, 1400]
repeat 149 : ['整租·瑶东新村 2室1厅 南', '新站-七里塘-瑶东新村', '77.23', '2', 1600, 1600]
repeat 1 : ['整租·新港雅苑 3室2厅 南', '肥西-肥西-新港雅苑', '120.00', '3', 1700, 1700]
repeat 1 : ['整租·鼎元公馆 3室2厅 南', '肥西-黄小-鼎元公馆', '90.00', '3', 2000, 2000]
repeat 1 : ['整租·文一名门绿洲 3室2厅 南', '肥西-繁华新园-文一名门绿洲', '85.56', '3', 1750, 1750]
repeat 1 : ['整租·星海城 1室1厅 南', '包河-包公-星海城', '38.56', '1', 1700, 1700]
repeat 1 : ['整租·万象公馆南区 3室2厅 南', '滨湖新区-烟墩-万象公馆南区', '126.00', '3', 2200, 2200]
repeat 1 : ['整租·文一名门首府 4室2厅 南', '政务-兴园-文一名门首府', '105.68', '4', 3500, 3500]
repeat 1 : ['整租·环保大院 2室1厅 南', '蜀山-琥珀-环保大院', '55.52', '2', 1400, 1400]
repeat 1 : ['整租·绿地瀛海国际大厦 4室1厅 南', '包河-周谷堆-绿地瀛海国际大厦', '289.00', '4', 13000, 13000]
repeat 1 : ['整租·禹洲中央城 3室2厅 南', '新站-七里塘-禹洲中央城', '92.73', '3', 2600, 2600]
repeat 1 : ['整租·华地翡翠蓝湾三期朗园 2室2厅 东南', '肥西-翡翠-华地翡翠蓝湾三期朗园', '85.55', '2', 1700, 1700]
repeat 1 : ['整租·宝业桐城绿苑 3室1厅 南', '包河-常青-宝业桐城绿苑', '91.20', '3', 3600, 3600]
repeat 1 : ['整租·CBC拓基广场 1室1厅 南', '蜀山-新产业园-CBC拓基广场', '112.00', '1', 4000, 4000]
repeat 1 : ['整租·南岗惠园 3室1厅 南', '蜀山-南岗镇-南岗惠园', '60.00', '3', 2700, 2700]
repeat 1 : ['整租·世纪阳光花园兰阳苑 2室2厅 南', '包河-包公-世纪阳光花园兰阳苑', '85.95', '2', 2200, 2200]
repeat 1 : ['整租·尚成花园 1室0厅 南', '高新-兴园-尚成花园', '183.66', '1', 4900, 4900]
repeat 1 : ['整租·王大郢家园沁苑 2室1厅 南', '包河-周谷堆-王大郢家园沁苑', '85.00', '2', 2600, 2600]
repeat 1 : ['整租·合肥云谷智慧金融城 4室2厅 南', '滨湖新区-烟墩-合肥云谷智慧金融城', '133.38', '4', 4000, 4000]
repeat 1 : ['整租·金都商城 3室1厅 南', '庐阳-逍遥津-金都商城', '89.04', '3', 2800, 2800]
repeat 1 : ['整租·香港广场 1室0厅 南', '庐阳-逍遥津-香港广场', '45.83', '1', 2000, 2000]
repeat 1 : ['整租·液压件厂宿舍 2室1厅 南', '蜀山-西园-液压件厂宿舍', '61.58', '2', 2300, 2300]
repeat 1 : ['整租·禹洲华侨城三期荷园 2室2厅 南', '肥西-染坊-禹洲华侨城三期荷园', '78.00', '2', 2000, 2000]
repeat 1 : ['整租·望湖西苑 2室1厅 南', '包河-望湖-望湖西苑', '80.00', '2', 1800, 1800]
repeat 1 : ['整租·国耀花半里 2室1厅 南', '经开-芙蓉-国耀花半里', '74.93', '2', 2100, 2100]
repeat 1 : ['整租·融侨天越 3室1厅 南/北', '长丰-北城-融侨天越', '88.50', '3', 1300, 1300]
repeat 1 : ['整租·滨河松园 3室2厅 南', '肥西-新港-滨河松园', '115.00', '3', 2100, 2100]
repeat 1 : ['整租·祥源金港湾 4室2厅 南/北', '高新-长宁-祥源金港湾', '123.00', '4', 3000, 3000]
repeat 1 : ['整租·东方蓝海 2室2厅 南', '滨湖新区-环湖CBD-东方蓝海', '95.54', '2', 2200, 2200]
repeat 1 : ['整租·滨湖金茂悦 4室2厅 南', '滨湖新区-方兴-滨湖金茂悦', '128.63', '4', 4000, 4000]
repeat 1 : ['整租·绿地中心 4室1厅 南', '包河-常青-绿地中心', '200.00', '4', 11000, 11000]
repeat 1 : ['整租·东湖山庄·碧云阁 3室2厅 南/北', '新站-七里塘-东湖山庄·碧云阁', '116.28', '3', 2300, 2300]
repeat 1 : ['整租·栈塘住宅小区 2室1厅 南', '瑶海-七里站-栈塘住宅小区', '69.20', '2', 1500, 1500]
repeat 1 : ['整租·万达揽湖苑 1室0厅 南', '滨湖新区-环湖CBD-万达揽湖苑', '142.50', '1', 5998, 5998]
repeat 1 : ['合租·蜀南庭苑 4居室 北卧', '高新-蜀麓-蜀南庭苑', '14.20', '4', 950, 950]
repeat 1 : ['合租·蜀南庭苑 4居室 南卧', '高新-蜀麓-蜀南庭苑', '14.20', '4', 1100, 1100]
repeat 1 : ['整租·岸上玫瑰 2室2厅 南', '政务-笔架山-岸上玫瑰', '98.00', '2', 2350, 2350]
repeat 1 : ['整租·颐和花园庐阳佳苑 3室1厅 南/北', '蜀山-五里墩-颐和花园庐阳佳苑', '93.53', '3', 2400, 2400]
repeat 1 : ['整租·寰宇上都大厦 1室1厅 南', '包河-周谷堆-寰宇上都大厦', '52.18', '1', 1680, 1680]
repeat 1 : ['整租·淝南家园北区 2室2厅 南/北', '包河-常青-淝南家园北区', '88.19', '2', 2000, 2000]
repeat 1 : ['整租·利港银河广场 1室0厅 南', '滨湖新区-方兴-利港银河广场', '74.12', '1', 3000, 3000]
repeat 1 : ['整租·森林海花园 2室1厅 东北', '政务-笔架山-森林海花园', '66.20', '2', 2400, 2400]
repeat 1 : ['整租·新地中心 4室1厅 南', '政务-荷叶地-新地中心', '148.00', '4', 11000, 11000]
repeat 1 : ['整租·金辉悦府 4室1厅 南', '新站-七里塘-金辉悦府', '98.00', '4', 1600, 1600]
repeat 1 : ['整租·荣盛华府 4室2厅 东南', '滨湖新区-烟墩-荣盛华府', '116.15', '4', 801, 801]
repeat 1 : ['整租·绿地新都会 1室1厅 南', '肥西-新港-绿地新都会', '52.11', '1', 1000, 1000]
repeat 1 : ['整租·铂金汉宫 1室1厅 东', '包河-包公-铂金汉宫', '50.17', '1', 1900, 1900]
repeat 1 : ['整租·体育局宿舍 1室0厅 南', '庐阳-逍遥津-体育局宿舍', '20.00', '1', 850, 850]
repeat 1 : ['整租·翰林水岸 2室2厅 南', '肥西-肥西-翰林水岸', '80.36', '2', 1900, 1900]
repeat 1 : ['整租·文一泊心湾 3室1厅 南', '庐阳-杏林-文一泊心湾', '89.00', '3', 2400, 2400]
repeat 1 : ['整租·中兴西湖花园 3室2厅 南/北', '新站-七里塘-中兴西湖花园', '137.56', '3', 2200, 2200]
repeat 1 : ['整租·恒大水晶国际广场 1室1厅 南', '包河-常青-恒大水晶国际广场', '58.70', '1', 2300, 2300]
repeat 1 : ['整租·绿地中心 2室1厅 南', '包河-常青-绿地中心', '150.00', '2', 7800, 7800]
repeat 1 : ['整租·亳州城 2室1厅 南', '庐阳-亳州-亳州城', '56.00', '2', 1500, 1500]
repeat 1 : ['整租·祥源城湖山小筑 1室1厅 南', '高新-长宁-祥源城湖山小筑', '38.00', '1', 2100, 2100]
repeat 1 : ['整租·丽丰铂羽公馆 4室2厅 南', '肥西-肥西-丽丰铂羽公馆', '139.40', '4', 2100, 2100]
repeat 1 : ['整租·金宇天地城 1室1厅 东', '肥西-新港-金宇天地城', '47.00', '1', 1200, 1200]
repeat 1 : ['整租·富世广场 3室1厅 南', '庐阳-逍遥津-富世广场', '65.26', '3', 2800, 2800]
repeat 1 : ['整租·恒大水晶国际广场 1室1厅 南', '包河-常青-恒大水晶国际广场', '58.63', '1', 2000, 2000]
repeat 1 : ['整租·白水坝二村 2室1厅 南', '庐阳-亳州-白水坝二村', '65.00', '2', 1600, 1600]
repeat 1 : ['整租·春晖园 1室1厅 南', '滨湖新区-滨湖世纪-春晖园', '22.00', '1', 2200, 2200]
repeat 1 : ['整租·万达中心名宅 3室1厅 东南', '包河-包公-万达中心名宅', '94.97', '3', 3200, 3200]
repeat 1 : ['整租·城南新村 2室1厅 南', '肥西-肥西-城南新村', '47.70', '2', 1300, 1300]
repeat 1 : ['整租·求实领势学府 2室1厅 南', '蜀山-西园-求实领势学府', '60.00', '2', 2300, 2300]
repeat 1 : ['整租·海亚当代 2室1厅 南', '蜀山-五里墩-海亚当代', '70.85', '2', 2200, 2200]
repeat 1 : ['整租·安高城市天地 2室1厅 南/北', '蜀山-稻香村-安高城市天地', '105.64', '2', 3000, 3000]
repeat 1 : ['整租·学林春晓 3室2厅 南', '新站-磨店-学林春晓', '92.00', '3', 1300, 1300]
repeat 1 : ['整租·金辉悦府 3室2厅 南', '新站-七里塘-金辉悦府', '95.91', '3', 1800, 1800]
repeat 1 : ['整租·东冠繁华逸城 2室1厅 南/北', '肥西-黄小-东冠繁华逸城', '89.00', '2', 2200, 2200]
repeat 1 : ['整租·政务壹号 1室1厅 南', '政务-荷叶地-政务壹号', '54.00', '1', 4500, 4500]
repeat 1 : ['整租·中海九樾 4室2厅 南/北', '滨湖新区-烟墩-中海九樾', '140.00', '4', 2000, 2000]
repeat 1 : ['整租·中侨中心 1室0厅 南', '政务-笔架山-中侨中心', '79.72', '1', 4800, 4800]
repeat 1 : ['整租·蓝鼎观湖苑 2室2厅 南', '滨湖新区-滨湖世纪-蓝鼎观湖苑', '85.70', '2', 2200, 2200]
repeat 1 : ['整租·名人御苑 3室2厅 南', '瑶海-长淮-名人御苑', '137.96', '3', 2900, 2900]
repeat 1 : ['整租·滨湖龙川里 3室2厅 南', '包河-常青-滨湖龙川里', '91.43', '3', 2700, 2700]
repeat 1 : ['整租·珠光雅苑二期 2室2厅 南/北', '包河-包公-珠光雅苑二期', '95.00', '2', 3500, 3500]
repeat 1 : ['整租·万科公园大道 3室2厅 南', '长丰-北城-万科公园大道', '98.00', '3', 1500, 1500]
repeat 1 : ['整租·发能太阳海岸 2室1厅 南', '政务-笔架山-发能太阳海岸', '76.10', '2', 2300, 2300]
repeat 1 : ['整租·和昌都汇华郡 3室2厅 西南', '庐阳-林店-和昌都汇华郡', '124.00', '3', 1700, 1700]
repeat 1 : ['整租·瑞景兰庭 4室1厅 复式 南', '肥东-肥东-瑞景兰庭', '115.82', '4', 1450, 1450]
repeat 1 : ['整租·联投新安里B区 3室2厅 南', '滨湖新区-环湖CBD-联投新安里B区', '102.35', '3', 2100, 2100]
repeat 1 : ['整租·万科中心 3室1厅 东南', '庐阳-四里河-万科中心', '170.00', '3', 11200, 11200]
repeat 1 : ['整租·奥园城央壹品 1室1厅 南', '蜀山-稻香村-奥园城央壹品', '45.91', '1', 1800, 1800]
repeat 1 : ['整租·南国花园 2室2厅 北', '庐阳-亳州-南国花园', '96.53', '2', 2600, 2600]
repeat 1 : ['整租·美好时代 3室2厅 南', '瑶海-龙岗-美好时代', '95.53', '3', 1950, 1950]
repeat 1 : ['整租·信达水岸茗都 2室2厅 南', '政务-笔架山-信达水岸茗都', '90.67', '2', 2300, 2300]
repeat 1 : ['整租·招商公园1872 3室2厅 南/北', '新站-东站-招商公园1872', '142.00', '3', 2200, 2200]
repeat 1 : ['整租·飞虹小区 3室0厅 南', '蜀山-琥珀-飞虹小区', '74.38', '3', 3500, 3500]
repeat 1 : ['整租·可苑新村 3室1厅 南', '庐阳-亳州-可苑新村', '96.67', '3', 1800, 1800]
repeat 1 : ['整租·光明府 3室2厅 南', '肥西-肥西-光明府', '100.00', '3', 1900, 1900]
repeat 1 : ['整租·信地城市广场 1室1厅 南', '瑶海-长淮-信地城市广场', '45.39', '1', 2000, 2000]
repeat 1 : ['整租·金星和园四期 2室2厅 东南', '肥西-翡翠-金星和园四期', '85.00', '2', 1700, 1700]
repeat 1 : ['整租·恒盛皇家花园 3室1厅 南', '庐阳-林店-恒盛皇家花园', '111.31', '3', 2000, 2000]
repeat 1 : ['整租·中辰未来港 2室2厅 北', '包河-工业园-中辰未来港', '54.94', '2', 2190, 2190]
repeat 1 : ['整租·西园南村 1室1厅 南', '蜀山-三里庵-西园南村', '44.00', '1', 1200, 1200]
repeat 1 : ['整租·隆昊昊天园 2室1厅 南', '新站-七里塘-隆昊昊天园', '80.21', '2', 1600, 1600]
repeat 1 : ['合租·新华九龙首府 5居室 南/西北卧', '肥西-芙蓉-新华九龙首府', '15.00', '5', 1050, 1050]
repeat 1 : ['整租·保利海上五月花D区 3室2厅 东南', '滨湖新区-环湖CBD-保利海上五月花D区', '94.27', '3', 2800, 2800]
repeat 1 : ['整租·中环城国际公寓 3室2厅 复式 北', '经开-芙蓉-中环城国际公寓', '89.00', '3', 2600, 2600]
repeat 1 : ['整租·毓秀雅苑 3室2厅 南', '新站-磨店-毓秀雅苑', '97.00', '3', 1600, 1600]
repeat 1 : ['整租·星海城 1室1厅 南', '包河-包公-星海城', '38.00', '1', 1700, 1700]
repeat 1 : ['整租·大富新领地 2室2厅 南', '新站-七里塘-大富新领地', '72.47', '2', 1300, 1300]
repeat 1 : ['整租·金辉中梁优步学府 4室2厅 南', '肥西-肥西-金辉中梁优步学府', '130.00', '4', 1700, 1700]
repeat 1 : ['整租·绿苑公寓 1室1厅 西北', '瑶海-和平路-绿苑公寓', '33.55', '1', 1650, 1650]
repeat 1 : ['整租·大众时代之光 3室2厅 南', '瑶海-嘉山路-大众时代之光', '1800.00', '3', 3000, 3000]
repeat 1 : ['整租·蓝光时代红街 1室1厅 南', '瑶海-嘉山路-蓝光时代红街', '60.00', '1', 2000, 2000]
repeat 1 : ['整租·省地震局宿舍 3室1厅 南', '包河-包公-省地震局宿舍', '73.56', '3', 1600, 1600]
repeat 1 : ['整租·滨湖世纪城临滨苑 2室2厅 南', '滨湖新区-滨湖世纪-滨湖世纪城临滨苑', '92.59', '2', 2000, 2000]
repeat 1 : ['整租·万达揽湖苑 1室0厅 南', '滨湖新区-环湖CBD-万达揽湖苑', '29.00', '1', 200, 200]
repeat 1 : ['整租·荣盛书香府邸 4室2厅 南/西北', '肥东-肥东-荣盛书香府邸', '119.00', '4', 1000, 1000]
repeat 1 : ['整租·绿地滨湖国际花都 3室2厅 南', '经开-海恒-绿地滨湖国际花都', '98.86', '3', 3100, 3100]
repeat 1 : ['整租·华地森林语 4室1厅 南/北', '长丰-北城-华地森林语', '102.00', '4', 1200, 1200]
repeat 1 : ['整租·高速蜀西湖畔 4室2厅 南', '高新-长宁-高速蜀西湖畔', '128.00', '4', 3900, 3900]
repeat 1 : ['整租·恒大水晶国际广场 1室1厅 北', '包河-常青-恒大水晶国际广场', '58.00', '1', 2000, 2000]
repeat 1 : ['整租·联合一村 3室2厅 南', '庐阳-双岗-联合一村', '98.00', '3', 3999, 3999]
repeat 1 : ['整租·蓝鼎滨湖假日翰林园 3室2厅 南', '滨湖新区-滨湖世纪-蓝鼎滨湖假日翰林园', '120.88', '3', 2400, 2400]
repeat 1 : ['整租·蓝鼎观湖苑 3室2厅 南', '滨湖新区-滨湖世纪-蓝鼎观湖苑', '112.58', '3', 2600, 2600]
repeat 1 : ['整租·文一名门北郡 3室1厅 南', '长丰-北城-文一名门北郡', '113.00', '3', 2200, 2200]
repeat 1 : ['整租·张郢小区 3室2厅 南', '肥西-肥西-张郢小区', '108.00', '3', 1200, 1200]
repeat 1 : ['整租·龙湖龙誉城 3室2厅 南', '肥东-肥东-龙湖龙誉城', '103.00', '3', 1800, 1800]
repeat 1 : ['整租·保利罗兰香谷 3室2厅 南', '新站-磨店-保利罗兰香谷', '92.00', '3', 1500, 1500]
repeat 1 : ['整租·淮河路422号 2室1厅 南', '庐阳-三孝口-淮河路422号', '45.00', '2', 1100, 1100]
repeat 1 : ['整租·金域蓝湾 3室2厅 南', '庐阳-亳州-金域蓝湾', '98.38', '3', 2400, 2400]
repeat 126 : ['整租·江山庐州印 3室2厅 南', '庐阳-大杨镇-江山庐州印', '96.00', '3', 2000, 2000]
repeat 126 : ['整租·西子银马公寓 3室2厅 南/北', '瑶海-城东-西子银马公寓', '121.86', '3', 2500, 2500]
repeat 126 : ['整租·香江国际佳元 2室1厅 南/北', '瑶海-长淮-香江国际佳元', '80.00', '2', 1600, 1600]
repeat 126 : ['整租·坝上街环球中心 2室2厅 南/北', '瑶海-明光路-坝上街环球中心', '86.76', '2', 3000, 3000]
repeat 126 : ['整租·蓝光雍锦半岛 4室2厅 南', '高新-长宁-蓝光雍锦半岛', '137.60', '4', 4000, 4000]
repeat 126 : ['整租·文一名门华府 3室2厅 南', '庐阳-林店-文一名门华府', '96.86', '3', 1700, 1700]
repeat 126 : ['整租·德懋府A区 3室2厅 南', '肥东-肥东-德懋府A区', '98.27', '3', 1500, 1500]
repeat 118 : ['整租·大鹏怡和华庭 2室2厅 南', '瑶海-龙岗-大鹏怡和华庭', '87.71', '2', 1400, 1400]
repeat 118 : ['整租·通和易居同辉南苑 3室2厅 南', '蜀山-西园-通和易居同辉南苑', '88.00', '3', 2400, 2400]
repeat 118 : ['整租·信地华地城 3室2厅 南/北', '肥西-繁华新园-信地华地城', '98.69', '3', 2300, 2300]
repeat 118 : ['整租·东风新村 2室1厅 南/北', '包河-常青-东风新村', '46.91', '2', 1400, 1400]
repeat 118 : ['整租·滨湖时光印象 3室1厅 南', '滨湖新区-烟墩-滨湖时光印象', '99.03', '3', 2400, 2400]
repeat 118 : ['整租·利港银河新城 3室2厅 东南/南', '瑶海-嘉山路-利港银河新城', '125.07', '3', 2600, 2600]
repeat 118 : ['整租·广利花园南区 1室1厅 北', '蜀山-西园-广利花园南区', '192.54', '1', 16000, 16000]
repeat 118 : ['整租·荷塘月色 3室2厅 南', '庐阳-海棠-荷塘月色', '120.00', '3', 2500, 2500]
repeat 118 : ['整租·祥和中央广场 3室2厅 南/北', '长丰-北城-祥和中央广场', '103.00', '3', 1600, 1600]
repeat 118 : ['整租·中铁国际城旭园 2室2厅 南', '庐阳-杏花村-中铁国际城旭园', '80.00', '2', 1700, 1700]
repeat 118 : ['整租·金宇天地城 1室1厅 南', '肥西-新港-金宇天地城', '47.10', '1', 1150, 1150]
repeat 118 : ['整租·奥园城央壹品 1室1厅 西', '蜀山-稻香村-奥园城央壹品', '57.23', '1', 2300, 2300]
repeat 118 : ['整租·大溪地天逸轩 2室1厅 西', '蜀山-西园-大溪地天逸轩', '64.95', '2', 2300, 2300]
repeat 118 : ['整租·绿地海顿公馆A 2室1厅 南', '包河-周谷堆-绿地海顿公馆A', '93.19', '2', 2800, 2800]
repeat 118 : ['整租·蒙城北路小区 3室1厅 南', '庐阳-亳州-蒙城北路小区', '70.00', '3', 1800, 1800]
repeat 118 : ['整租·旭辉滨湖江来 3室2厅 南', '肥西-肥西-旭辉滨湖江来', '106.00', '3', 1900, 1900]
repeat 1 : ['整租·保利海上五月花C区 3室2厅 南', '滨湖新区-环湖CBD-保利海上五月花C区', '93.00', '3', 2500, 2500]
repeat 109 : ['整租·天鹅湖畔小区 3室1厅 南', '政务-笔架山-天鹅湖畔小区', '127.15', '3', 4200, 4200]
repeat 109 : ['整租·开拓环球世家 3室2厅 南/北', '肥西-新港-开拓环球世家', '110.00', '3', 2100, 2100]
repeat 109 : ['整租·华凤国际 1室1厅 南', '肥西-莲花-华凤国际', '54.83', '1', 1600, 1600]
repeat 109 : ['整租·旭辉御府 3室1厅 南', '滨湖新区-烟墩-旭辉御府', '95.04', '3', 2500, 2500]
repeat 109 : ['整租·瑞徽苑 3室1厅 南', '长丰-北城-瑞徽苑', '93.00', '3', 800, 800]
repeat 109 : ['整租·绿都嘉园 3室2厅 南', '庐阳-杏林-绿都嘉园', '95.10', '3', 1900, 1900]
repeat 109 : ['整租·蓬莱御府 3室2厅 南', '肥西-肥西-蓬莱御府', '97.00', '3', 1600, 1600]
repeat 109 : ['整租·龙湖春江紫宸 3室2厅 南', '新站-磨店-龙湖春江紫宸', '99.00', '3', 1750, 1750]
repeat 109 : ['整租·万振逍遥苑四期 1室1厅 南', '包河-周谷堆-万振逍遥苑四期', '51.00', '1', 1750, 1750]
repeat 109 : ['整租·绿地铭公馆 4室2厅 南/北', '包河-常青-绿地铭公馆', '179.70', '4', 5000, 5000]
repeat 109 : ['整租·太平洋森活公馆 3室2厅 南', '肥西-染坊-太平洋森活公馆', '108.56', '3', 2800, 2800]
repeat 109 : ['整租·李湾安置小区 1室1厅 南', '肥西-肥西-李湾安置小区', '49.59', '1', 900, 900]
repeat 109 : ['整租·蔚蓝商务港 1室1厅 东', '政务-荷叶地-蔚蓝商务港', '160.00', '1', 8000, 8000]
repeat 109 : ['整租·融科九重锦 3室2厅 南', '政务-笔架山-融科九重锦', '94.81', '3', 2800, 2800]
repeat 109 : ['整租·右岸景苑A区 2室1厅 南', '包河-淝河镇-右岸景苑A区', '60.00', '2', 1400, 1400]
repeat 109 : ['整租·滨湖新地城 2室1厅 南', '滨湖新区-滨湖世纪-滨湖新地城', '87.00', '2', 2300, 2300]
repeat 109 : ['整租·金濠优活城 1室1厅 北', '高新-天乐-金濠优活城', '27.57', '1', 1800, 1800]
repeat 109 : ['整租·蓝鼎观湖苑 3室2厅 南', '滨湖新区-滨湖世纪-蓝鼎观湖苑', '103.49', '3', 2400, 2400]
repeat 109 : ['整租·金辉中梁优步学府 3室2厅 南', '肥西-肥西-金辉中梁优步学府', '109.00', '3', 1500, 1500]
repeat 109 : ['整租·金龙国际 5室2厅 南', '庐阳-四里河-金龙国际', '180.00', '5', 9600, 9600]
repeat 109 : ['整租·金辉中梁优步学府 3室2厅 南', '肥西-肥西-金辉中梁优步学府', '127.00', '3', 2000, 2000]
repeat 109 : ['整租·万科森林公园朗庭 4室2厅 南', '庐阳-森林公园-万科森林公园朗庭', '92.89', '4', 2800, 2800]
repeat 109 : ['整租·安高城市天地 2室2厅 南', '蜀山-稻香村-安高城市天地', '99.11', '2', 2500, 2500]
repeat 109 : ['整租·万达银座 2室1厅 东', '滨湖新区-环湖CBD-万达银座', '53.67', '2', 2300, 2300]
repeat 109 : ['整租·铂金汉宫 1室1厅 东', '包河-包公-铂金汉宫', '59.86', '1', 1800, 1800]
repeat 109 : ['整租·古井丰水源 3室2厅 南/北', '瑶海-胜利路-古井丰水源', '139.51', '3', 3600, 3600]
repeat 109 : ['整租·万科森林公园朗庭 3室2厅 南', '庐阳-森林公园-万科森林公园朗庭', '110.43', '3', 3100, 3100]
repeat 109 : ['整租·景荣花园 1室1厅 南', '瑶海-长淮-景荣花园', '45.00', '1', 1530, 1530]
repeat 109 : ['整租·华润凯旋门 3室2厅 南', '政务-荷叶地-华润凯旋门', '145.81', '3', 6200, 6200]
repeat 109 : ['整租·国能首府九号 1室1厅 复式 北', '庐阳-林店-国能首府九号', '86.10', '1', 6500, 6500]
repeat 112 : ['整租·万振城市广场 1室1厅 北', '包河-周谷堆-万振城市广场', '49.61', '1', 1980, 1980]
repeat 112 : ['整租·置地栢悦湾北区 3室2厅 南', '肥西-肥西-置地栢悦湾北区', '127.00', '3', 1500, 1500]
repeat 112 : ['整租·西环中心广场 1室1厅 南', '蜀山-南七-西环中心广场', '46.45', '1', 1700, 1700]
repeat 112 : ['整租·盛世家园 2室1厅 南/北', '肥东-肥东-盛世家园', '95.00', '2', 900, 900]
repeat 112 : ['整租·新华优阁 2室2厅 东', '蜀山-西园-新华优阁', '61.88', '2', 2000, 2000]
repeat 112 : ['整租·绿怡居东小高层 2室2厅 南/北', '政务-荷叶地-绿怡居东小高层', '120.58', '2', 3600, 3600]
repeat 112 : ['整租·吉徽苑 3室2厅 南', '长丰-北城-吉徽苑', '93.00', '3', 900, 900]
repeat 112 : ['合租·淮矿馥邦天下 5居室 南/北卧', '高新-兴园-淮矿馥邦天下', '10.00', '5', 900, 900]
repeat 112 : ['整租·信地华地城 3室2厅 南', '肥西-繁华新园-信地华地城', '98.69', '3', 2000, 2000]
repeat 112 : ['整租·文一名门东隅 2室1厅 南', '肥东-肥东-文一名门东隅', '80.00', '2', 1300, 1300]
repeat 112 : ['整租·紫云府 4室1厅 南', '瑶海-三里街-紫云府', '111.20', '4', 3300, 3300]
repeat 112 : ['整租·德必庐州 4室1厅 南', '庐阳-三孝口-德必庐州', '391.45', '4', 25400, 25400]
repeat 112 : ['整租·创智广场 2室1厅 西', '包河-包公-创智广场', '78.37', '2', 2100, 2100]
repeat 112 : ['整租·和昌中央悦府 1室1厅 东/北/东北', '肥西-长安-和昌中央悦府', '48.64', '1', 1650, 1650]
repeat 112 : ['整租·凤霞苑 3室1厅 南', '长丰-北城-凤霞苑', '80.77', '3', 600, 600]
repeat 112 : ['整租·可苑新村 4室2厅 南', '庐阳-亳州-可苑新村', '116.04', '4', 2500, 2500]
repeat 112 : ['整租·中国铁建悦湖国际 4室2厅 南/北', '长丰-长丰-中国铁建悦湖国际', '130.00', '4', 700, 700]
repeat 112 : ['整租·华润凯旋门 3室1厅 南', '政务-荷叶地-华润凯旋门', '112.74', '3', 3200, 3200]
repeat 112 : ['合租·北苑小区 2居室 南卧', '庐阳-亳州-北苑小区', '12.00', '2', 750, 750]
repeat 112 : ['整租·滨河苑(瑶海) 2室1厅 南', '瑶海-明光路-滨河苑(瑶海)', '47.33', '2', 1500, 1500]
repeat 112 : ['整租·长岗嘉园 2室2厅 南', '空港经济示范区--长岗嘉园', '80.00', '2', 2000, 2000]
repeat 112 : ['整租·华润紫玥台 3室2厅 东/东南/南', '肥东-肥东-华润紫玥台', '101.80', '3', 1600, 1600]
repeat 112 : ['整租·华南城紫荆名都四期锦园 4室2厅 南', '肥西-肥西-华南城紫荆名都四期锦园', '127.58', '4', 1700, 1700]
repeat 112 : ['整租·信地华地城 3室2厅 东南/南', '肥西-繁华新园-信地华地城', '98.66', '3', 2200, 2200]
repeat 112 : ['整租·万科森林公园雍庭 3室2厅 南/北', '庐阳-森林公园-万科森林公园雍庭', '106.69', '3', 3000, 3000]
repeat 112 : ['整租·柏景湾 2室2厅 南', '庐阳-亳州-柏景湾', '81.00', '2', 2800, 2800]
repeat 112 : ['整租·东冠繁华逸城 3室2厅 南/北', '肥西-黄小-东冠繁华逸城', '89.00', '3', 1850, 1850]
repeat 112 : ['整租·海雨家园 2室1厅 南', '蜀山-南七-海雨家园', '83.37', '2', 2400, 2400]
repeat 112 : ['整租·中侨中心 1室0厅 西南', '政务-笔架山-中侨中心', '100.98', '1', 5600, 5600]
repeat 112 : ['整租·丹霞柠檬郡 1室1厅 北', '经开-芙蓉-丹霞柠檬郡', '48.00', '1', 1700, 1700]
repeat 124 : ['整租·文一陶冲湖城市广场 3室2厅 南/北', '新站-站北-文一陶冲湖城市广场', '106.00', '3', 1000, 1000]
repeat 124 : ['整租·华地翡翠公园 3室2厅 南', '肥西-肥西-华地翡翠公园', '106.00', '3', 1200, 1200]
repeat 124 : ['整租·力高共和城 2室2厅 南', '长丰-北城-力高共和城', '71.00', '2', 1200, 1200]
repeat 124 : ['整租·金万通大厦 1室1厅 南', '包河-包公-金万通大厦', '116.00', '1', 3600, 3600]
repeat 124 : ['整租·红星路192号 1室1厅 南', '庐阳-三孝口-红星路192号', '39.95', '1', 1600, 1600]
repeat 124 : ['整租·明珠湖畔 2室2厅 南', '经开-芙蓉-明珠湖畔', '88.15', '2', 2000, 2000]
repeat 124 : ['整租·滨湖新地城 2室0厅 南', '滨湖新区-滨湖世纪-滨湖新地城', '55.00', '2', 3750, 3750]
repeat 124 : ['整租·碧桂园正荣悦玺 4室2厅 东南', '新站-东站-碧桂园正荣悦玺', '96.56', '4', 1700, 1700]
repeat 124 : ['合租·海洲景秀世家 2居室 南卧', '瑶海-龙岗-海洲景秀世家', '15.00', '2', 600, 600]
repeat 124 : ['整租·华地翡翠蓝湾 3室2厅 南', '肥西-翡翠-华地翡翠蓝湾', '109.80', '3', 1100, 1100]
repeat 124 : ['整租·保利海上五月花D区 3室2厅 南', '滨湖新区-环湖CBD-保利海上五月花D区', '94.50', '3', 3488, 3488]
repeat 124 : ['整租·龙源丽景 2室1厅 南', '庐阳-海棠-龙源丽景', '55.00', '2', 1650, 1650]
repeat 124 : ['整租·上海城市 2室2厅 南/北', '经开-莲花-上海城市', '94.65', '2', 2200, 2200]
repeat 124 : ['整租·汇景城市中心 2室1厅 南', '高新-长宁-汇景城市中心', '70.00', '2', 3000, 3000]
repeat 124 : ['整租·松芝万象城 2室1厅 南', '蜀山-五里墩-松芝万象城', '70.00', '2', 2700, 2700]
repeat 124 : ['整租·金色池塘 3室2厅 南', '蜀山-井岗镇-金色池塘', '84.62', '3', 2500, 2500]
repeat 124 : ['整租·广乐家园 3室2厅 南', '瑶海-大兴镇-广乐家园', '98.00', '3', 1800, 1800]
repeat 124 : ['整租·美的·金科郡 3室2厅 南', '新站-磨店-美的·金科郡', '96.50', '3', 1800, 1800]
repeat 124 : ['整租·阳光花园 3室2厅 东南', '肥西-肥西-阳光花园', '140.00', '3', 1800, 1800]
repeat 124 : ['整租·金都华庭 1室0厅 南', '庐阳-杏林-金都华庭', '106.00', '1', 5000, 5000]
repeat 124 : ['整租·迪迈达小区 3室2厅 复式 南', '包河-包公-迪迈达小区', '110.01', '3', 2000, 2000]
repeat 124 : ['整租·浅水湾 3室2厅 东南', '政务-荷叶地-浅水湾', '145.00', '3', 3200, 3200]
repeat 124 : ['整租·毓秀雅苑 3室1厅 南', '新站-磨店-毓秀雅苑', '96.45', '3', 2000, 2000]
repeat 124 : ['整租·光明府 3室2厅 南', '肥西-肥西-光明府', '104.00', '3', 1000, 1000]
repeat 124 : ['整租·信达华宇锦绣龙川 3室2厅 南/北', '包河-淝河镇-信达华宇锦绣龙川', '116.35', '3', 3200, 3200]
repeat 124 : ['整租·灯塔家园二期 2室2厅 南', '肥西-肥西-灯塔家园二期', '94.00', '2', 1500, 1500]
repeat 124 : ['整租·文一名门金隅 2室1厅 南', '肥东-肥东-文一名门金隅', '38.00', '2', 1100, 1100]
repeat 124 : ['整租·广乐家园 2室1厅 南', '瑶海-大兴镇-广乐家园', '60.00', '2', 1500, 1500]
repeat 124 : ['整租·油库生活小区 2室2厅 南/北', '政务-荷叶地-油库生活小区', '62.62', '2', 1650, 1650]
repeat 124 : ['整租·森林海花园 2室2厅 南', '政务-笔架山-森林海花园', '97.00', '2', 2400, 2400]
repeat 117 : ['整租·祥源城湖山小筑 1室1厅 东', '高新-长宁-祥源城湖山小筑', '48.00', '1', 2100, 2100]
repeat 117 : ['整租·信地华地城 3室2厅 南', '肥西-繁华新园-信地华地城', '99.00', '3', 1200, 1200]
repeat 117 : ['整租·名仕豪庭 2室1厅 南', '经开-芙蓉-名仕豪庭', '70.32', '2', 2000, 2000]
repeat 117 : ['整租·名都花园 2室2厅 南/北', '包河-常青-名都花园', '74.50', '2', 2500, 2500]
repeat 117 : ['整租·朝南新村 3室2厅 南', '肥西-肥西-朝南新村', '90.00', '3', 1400, 1400]
repeat 117 : ['整租·祥源花世界 3室2厅 南/北', '肥西-肥西-祥源花世界', '110.00', '3', 1439, 1439]
repeat 117 : ['整租·华地翡翠蓝湾二期 3室2厅 南', '肥西-翡翠-华地翡翠蓝湾二期', '102.00', '3', 1800, 1800]
repeat 117 : ['整租·金徽阳光大厦 2室2厅 南', '高新-天乐-金徽阳光大厦', '90.00', '2', 2200, 2200]
repeat 117 : ['整租·天玥中心 1室1厅 南/北', '蜀山-井岗镇-天玥中心', '84.00', '1', 4500, 4500]
repeat 117 : ['整租·保利罗兰香谷 3室2厅 南', '新站-磨店-保利罗兰香谷', '105.00', '3', 1700, 1700]
repeat 117 : ['整租·柏岭大厦 1室1厅 北', '高新-兴园-柏岭大厦', '46.00', '1', 1500, 1500]
repeat 117 : ['整租·绿城百合公寓 3室1厅 南', '蜀山-南七-绿城百合公寓', '139.00', '3', 4200, 4200]
repeat 117 : ['整租·风景苑 2室2厅 南', '瑶海-方庙-风景苑', '85.37', '2', 1500, 1500]
repeat 125 : ['整租·柏莊春暖花开 3室1厅 南', '瑶海-七里站-柏莊春暖花开', '89.59', '3', 2000, 2000]
repeat 125 : ['整租·绿地中心 1室1厅 南', '包河-常青-绿地中心', '56.00', '1', 2500, 2500]
repeat 125 : ['整租·森林海花园 2室2厅 南', '政务-笔架山-森林海花园', '99.07', '2', 2600, 2600]
repeat 125 : ['整租·领域花园 1室1厅 南', '庐阳-海棠-领域花园', '42.00', '1', 1600, 1600]
repeat 125 : ['整租·南郢社区 2室2厅 南', '肥西-新港-南郢社区', '80.00', '2', 1500, 1500]
repeat 125 : ['整租·金寨路宿舍308号 3室1厅 南', '庐阳-三孝口-金寨路宿舍308号', '68.00', '3', 2500, 2500]
repeat 125 : ['整租·蜀山新村 2室1厅 南', '蜀山-琥珀-蜀山新村', '65.50', '2', 1800, 1800]
repeat 125 : ['整租·永和南苑A区 3室2厅 南', '高新-长宁-永和南苑A区', '106.89', '3', 2800, 2800]
repeat 125 : ['整租·中海九樾 4室2厅 南', '滨湖新区-烟墩-中海九樾', '128.00', '4', 3500, 3500]
repeat 125 : ['整租·保利海上五月花D区 1室1厅 东北', '滨湖新区-环湖CBD-保利海上五月花D区', '60.00', '1', 2500, 2500]
repeat 125 : ['整租·万科苏高新中央公园 4室2厅 东南/南', '长丰-北城-万科苏高新中央公园', '158.00', '4', 2400, 2400]
repeat 125 : ['整租·公元天下 4室1厅 南', '滨湖新区-烟墩-公元天下', '125.52', '4', 1500, 1500]
repeat 125 : ['整租·和昌都汇华府 2室1厅 西', '包河-周谷堆-和昌都汇华府', '57.55', '2', 2500, 2500]
repeat 125 : ['整租·万达临湖苑F区 3室2厅 南', '滨湖新区-环湖CBD-万达临湖苑F区', '120.00', '3', 2500, 2500]
repeat 125 : ['整租·联邦花园 3室1厅 南/北', '包河-周谷堆-联邦花园', '149.56', '3', 3000, 3000]
repeat 125 : ['整租·滨湖世纪城振徽苑 3室2厅 南/北', '滨湖新区-滨湖世纪-滨湖世纪城振徽苑', '96.00', '3', 2800, 2800]
repeat 125 : ['整租·旭辉花园 3室2厅 南', '政务-荷叶地-旭辉花园', '102.00', '3', 2800, 2800]
repeat 125 : ['整租·蓝鼎观湖苑 3室2厅 南', '滨湖新区-滨湖世纪-蓝鼎观湖苑', '111.30', '3', 4000, 4000]
repeat 125 : ['整租·大唐国际公寓 1室1厅 南', '蜀山-南七-大唐国际公寓', '48.34', '1', 1650, 1650]
repeat 125 : ['整租·德信文锦新城 3室2厅 南', '经开-芙蓉-德信文锦新城', '131.87', '3', 3100, 3100]
repeat 125 : ['整租·金隅南七里 4室2厅 南', '蜀山-稻香村-金隅南七里', '137.82', '4', 4300, 4300]
repeat 125 : ['整租·大富新领地 3室2厅 南', '新站-七里塘-大富新领地', '89.00', '3', 1600, 1600]
repeat 125 : ['整租·凤凰城 3室2厅 复式 南/北', '肥东-肥东-凤凰城', '103.00', '3', 1600, 1600]
delete(repeat&illegal) : 22480 | orignal 25200 remain 2720